TN:
SF:src\swagger.ts
FNF:0
FNH:0
DA:1,7
DA:1626,7
LF:2
LH:2
BRF:0
BRH:0
end_of_record
TN:
SF:src\controllers\analytics.controller.ts
FN:8,(anonymous_0)
FN:30,(anonymous_1)
FNF:2
FNH:0
FNDA:0,(anonymous_0)
FNDA:0,(anonymous_1)
DA:2,7
DA:3,7
DA:4,7
DA:5,7
DA:6,7
DA:8,7
DA:9,0
DA:10,0
DA:11,0
DA:12,0
DA:13,0
DA:14,0
DA:15,0
DA:26,0
DA:30,7
DA:31,0
DA:32,0
DA:33,0
DA:35,0
DA:36,0
DA:37,0
DA:40,0
DA:41,0
DA:42,0
DA:43,0
DA:46,0
DA:47,0
DA:53,0
DA:71,0
LF:29
LH:7
BRDA:33,0,0,0
BRDA:33,1,0,0
BRDA:36,2,0,0
BRF:3
BRH:0
end_of_record
TN:
SF:src\controllers\auth.controller.ts
FN:37,(anonymous_1)
FN:106,(anonymous_2)
FN:138,(anonymous_3)
FN:166,(anonymous_4)
FN:222,(anonymous_5)
FN:270,(anonymous_6)
FNF:6
FNH:0
FNDA:0,(anonymous_1)
FNDA:0,(anonymous_2)
FNDA:0,(anonymous_3)
FNDA:0,(anonymous_4)
FNDA:0,(anonymous_5)
FNDA:0,(anonymous_6)
DA:2,7
DA:3,7
DA:4,7
DA:5,7
DA:7,7
DA:15,7
DA:20,7
DA:24,7
DA:28,7
DA:33,7
DA:37,7
DA:38,0
DA:39,0
DA:40,0
DA:41,0
DA:43,0
DA:44,0
DA:45,0
DA:46,0
DA:50,0
DA:56,0
DA:66,0
DA:69,0
DA:70,0
DA:82,0
DA:89,0
DA:90,0
DA:91,0
DA:92,0
DA:93,0
DA:95,0
DA:102,0
DA:106,7
DA:107,0
DA:108,0
DA:109,0
DA:110,0
DA:112,0
DA:113,0
DA:114,0
DA:115,0
DA:117,0
DA:118,0
DA:119,0
DA:122,0
DA:123,0
DA:124,0
DA:125,0
DA:126,0
DA:127,0
DA:134,0
DA:138,7
DA:139,0
DA:140,0
DA:141,0
DA:142,0
DA:144,0
DA:146,0
DA:147,0
DA:149,0
DA:152,0
DA:153,0
DA:154,0
DA:156,0
DA:157,0
DA:158,0
DA:159,0
DA:160,0
DA:162,0
DA:166,7
DA:167,0
DA:168,0
DA:169,0
DA:170,0
DA:172,0
DA:174,0
DA:175,0
DA:177,0
DA:184,0
DA:191,0
DA:192,0
DA:193,0
DA:196,0
DA:197,0
DA:211,0
DA:213,0
DA:218,0
DA:222,7
DA:223,0
DA:224,0
DA:225,0
DA:226,0
DA:228,0
DA:232,0
DA:233,0
DA:235,0
DA:238,0
DA:239,0
DA:242,0
DA:243,0
DA:244,0
DA:247,0
DA:248,0
DA:251,0
DA:252,0
DA:256,0
DA:257,0
DA:258,0
DA:259,0
DA:261,0
DA:266,0
DA:270,7
DA:271,0
DA:272,0
DA:273,0
DA:274,0
DA:276,0
DA:280,0
DA:281,0
DA:283,0
DA:286,0
DA:287,0
DA:290,0
DA:291,0
DA:292,0
DA:295,0
DA:296,0
DA:299,0
DA:300,0
DA:303,0
DA:304,0
DA:308,0
DA:309,0
DA:310,0
DA:311,0
DA:313,0
DA:318,0
LF:137
LH:16
BRDA:40,0,0,0
BRDA:45,1,0,0
BRDA:69,2,0,0
BRDA:69,2,1,0
BRDA:90,3,0,0
BRDA:90,3,1,0
BRDA:91,4,0,0
BRDA:91,4,1,0
BRDA:109,5,0,0
BRDA:114,6,0,0
BRDA:118,7,0,0
BRDA:123,8,0,0
BRDA:123,8,1,0
BRDA:124,9,0,0
BRDA:124,9,1,0
BRDA:141,10,0,0
BRDA:153,11,0,0
BRDA:153,12,0,0
BRDA:153,12,1,0
BRDA:156,13,0,0
BRDA:156,13,1,0
BRDA:157,14,0,0
BRDA:157,14,1,0
BRDA:169,15,0,0
BRDA:175,16,0,0
BRDA:196,17,0,0
BRDA:196,17,1,0
BRDA:225,18,0,0
BRDA:238,19,0,0
BRDA:243,20,0,0
BRDA:247,21,0,0
BRDA:251,22,0,0
BRDA:251,23,0,0
BRDA:251,23,1,0
BRDA:273,24,0,0
BRDA:286,25,0,0
BRDA:291,26,0,0
BRDA:295,27,0,0
BRDA:299,28,0,0
BRDA:303,29,0,0
BRDA:303,30,0,0
BRDA:303,30,1,0
BRF:42
BRH:0
end_of_record
TN:
SF:src\controllers\fintech.controller.ts
FN:7,(anonymous_1)
FN:30,(anonymous_2)
FNF:2
FNH:0
FNDA:0,(anonymous_1)
FNDA:0,(anonymous_2)
DA:3,7
DA:4,7
DA:5,7
DA:7,7
DA:8,0
DA:9,0
DA:11,0
DA:12,0
DA:14,0
DA:15,0
DA:16,0
DA:18,0
DA:20,0
DA:24,7
DA:30,7
DA:31,0
DA:32,0
DA:33,0
DA:34,0
DA:36,0
DA:37,0
DA:38,0
DA:40,0
LF:23
LH:6
BRDA:11,0,0,0
BRDA:11,1,0,0
BRDA:11,1,1,0
BRDA:15,2,0,0
BRDA:33,3,0,0
BRF:5
BRH:0
end_of_record
TN:
SF:src\controllers\harvest.controller.ts
FN:15,(anonymous_1)
FN:31,(anonymous_2)
FN:105,(anonymous_3)
FN:119,(anonymous_4)
FNF:4
FNH:0
FNDA:0,(anonymous_1)
FNDA:0,(anonymous_2)
FNDA:0,(anonymous_3)
FNDA:0,(anonymous_4)
DA:2,7
DA:3,7
DA:4,7
DA:5,7
DA:7,7
DA:15,7
DA:16,0
DA:17,0
DA:18,0
DA:19,0
DA:21,0
DA:22,0
DA:23,0
DA:24,0
DA:25,0
DA:27,0
DA:31,7
DA:32,0
DA:44,0
DA:47,0
DA:50,0
DA:51,0
DA:55,0
DA:56,0
DA:60,0
DA:61,0
DA:62,0
DA:63,0
DA:67,0
DA:68,0
DA:69,0
DA:70,0
DA:74,0
DA:75,0
DA:78,0
DA:81,0
DA:88,0
DA:90,0
DA:101,0
DA:105,7
DA:106,0
DA:107,0
DA:108,0
DA:109,0
DA:110,0
DA:112,0
DA:114,0
DA:119,7
DA:120,0
DA:121,0
DA:123,0
DA:124,0
DA:130,0
DA:134,0
DA:135,0
DA:143,0
DA:164,0
DA:171,0
DA:172,0
LF:59
LH:9
BRDA:18,0,0,0
BRDA:40,1,0,0
BRDA:41,2,0,0
BRDA:42,3,0,0
BRDA:43,4,0,0
BRDA:50,5,0,0
BRDA:55,6,0,0
BRDA:60,7,0,0
BRDA:60,8,0,0
BRDA:60,8,1,0
BRDA:62,9,0,0
BRDA:63,10,0,0
BRDA:67,11,0,0
BRDA:67,12,0,0
BRDA:67,12,1,0
BRDA:69,13,0,0
BRDA:70,14,0,0
BRDA:75,15,0,0
BRDA:75,15,1,0
BRDA:109,16,0,0
BRDA:123,17,0,0
BRDA:134,18,0,0
BRDA:160,19,0,0
BRDA:160,19,1,0
BRF:24
BRH:0
end_of_record
TN:
SF:src\controllers\marketplace.controller.ts
FN:15,(anonymous_1)
FN:105,(anonymous_2)
FN:119,(anonymous_3)
FN:146,(anonymous_4)
FN:163,(anonymous_5)
FN:178,(anonymous_6)
FNF:6
FNH:0
FNDA:0,(anonymous_1)
FNDA:0,(anonymous_2)
FNDA:0,(anonymous_3)
FNDA:0,(anonymous_4)
FNDA:0,(anonymous_5)
FNDA:0,(anonymous_6)
DA:2,7
DA:3,7
DA:4,7
DA:6,7
DA:15,7
DA:16,0
DA:30,0
DA:33,0
DA:36,0
DA:37,0
DA:44,0
DA:45,0
DA:49,0
DA:50,0
DA:51,0
DA:52,0
DA:56,0
DA:57,0
DA:58,0
DA:59,0
DA:63,0
DA:64,0
DA:68,0
DA:69,0
DA:73,0
DA:74,0
DA:77,0
DA:80,0
DA:88,0
DA:90,0
DA:101,0
DA:105,7
DA:106,0
DA:107,0
DA:108,0
DA:109,0
DA:111,0
DA:112,0
DA:113,0
DA:115,0
DA:119,7
DA:120,0
DA:121,0
DA:122,0
DA:123,0
DA:125,0
DA:126,0
DA:127,0
DA:128,0
DA:129,0
DA:130,0
DA:132,0
DA:133,0
DA:135,0
DA:136,0
DA:138,0
DA:139,0
DA:140,0
DA:142,0
DA:146,7
DA:147,0
DA:148,0
DA:149,0
DA:150,0
DA:151,0
DA:153,0
DA:154,0
DA:155,0
DA:157,0
DA:159,0
DA:163,7
DA:164,0
DA:165,0
DA:167,0
DA:168,0
DA:172,0
DA:178,0
DA:184,0
DA:189,0
LF:79
LH:9
BRDA:26,0,0,0
BRDA:27,1,0,0
BRDA:28,2,0,0
BRDA:29,3,0,0
BRDA:36,4,0,0
BRDA:44,5,0,0
BRDA:49,6,0,0
BRDA:49,7,0,0
BRDA:49,7,1,0
BRDA:51,8,0,0
BRDA:52,9,0,0
BRDA:56,10,0,0
BRDA:56,11,0,0
BRDA:56,11,1,0
BRDA:58,12,0,0
BRDA:59,13,0,0
BRDA:63,14,0,0
BRDA:68,15,0,0
BRDA:74,16,0,0
BRDA:74,16,1,0
BRDA:108,17,0,0
BRDA:122,18,0,0
BRDA:122,19,0,0
BRDA:122,19,1,0
BRDA:122,19,2,0
BRDA:129,20,0,0
BRDA:129,21,0,0
BRDA:129,21,1,0
BRDA:132,22,0,0
BRDA:150,23,0,0
BRDA:154,24,0,0
BRDA:167,25,0,0
BRDA:167,26,0,0
BRDA:167,26,1,0
BRF:34
BRH:0
end_of_record
TN:
SF:src\controllers\partner.controller.ts
FN:24,(anonymous_1)
FN:57,(anonymous_2)
FN:60,(anonymous_3)
FN:92,(anonymous_4)
FN:121,(anonymous_5)
FN:152,(anonymous_6)
FN:153,(anonymous_7)
FN:157,(anonymous_8)
FN:230,(anonymous_9)
FN:231,(anonymous_10)
FN:247,(anonymous_11)
FN:248,(anonymous_12)
FN:301,(anonymous_13)
FN:334,(anonymous_14)
FN:343,(anonymous_15)
FN:349,(anonymous_16)
FN:351,(anonymous_17)
FN:356,(anonymous_18)
FN:379,(anonymous_19)
FN:383,(anonymous_20)
FN:448,(anonymous_21)
FNF:21
FNH:0
FNDA:0,(anonymous_1)
FNDA:0,(anonymous_2)
FNDA:0,(anonymous_3)
FNDA:0,(anonymous_4)
FNDA:0,(anonymous_5)
FNDA:0,(anonymous_6)
FNDA:0,(anonymous_7)
FNDA:0,(anonymous_8)
FNDA:0,(anonymous_9)
FNDA:0,(anonymous_10)
FNDA:0,(anonymous_11)
FNDA:0,(anonymous_12)
FNDA:0,(anonymous_13)
FNDA:0,(anonymous_14)
FNDA:0,(anonymous_15)
FNDA:0,(anonymous_16)
FNDA:0,(anonymous_17)
FNDA:0,(anonymous_18)
FNDA:0,(anonymous_19)
FNDA:0,(anonymous_20)
FNDA:0,(anonymous_21)
DA:2,7
DA:3,7
DA:4,7
DA:5,7
DA:6,7
DA:7,7
DA:8,7
DA:11,7
DA:18,7
DA:24,7
DA:25,0
DA:26,0
DA:27,0
DA:34,0
DA:35,0
DA:36,0
DA:43,0
DA:44,0
DA:45,0
DA:52,0
DA:53,0
DA:54,0
DA:55,0
DA:57,0
DA:58,0
DA:61,0
DA:64,0
DA:67,0
DA:68,0
DA:69,0
DA:70,0
DA:73,0
DA:74,0
DA:75,0
DA:76,0
DA:79,0
DA:80,0
DA:81,0
DA:82,0
DA:86,0
DA:87,0
DA:91,0
DA:92,0
DA:93,0
DA:94,0
DA:95,0
DA:96,0
DA:97,0
DA:99,0
DA:106,0
DA:110,0
DA:112,0
DA:122,0
DA:127,0
DA:128,0
DA:141,0
DA:142,0
DA:150,0
DA:152,0
DA:153,0
DA:157,0
DA:164,0
DA:165,0
DA:166,0
DA:168,0
DA:169,0
DA:171,0
DA:175,0
DA:176,0
DA:182,0
DA:186,0
DA:194,0
DA:195,0
DA:198,0
DA:201,0
DA:209,0
DA:216,0
DA:217,0
DA:227,0
DA:230,0
DA:231,0
DA:234,0
DA:237,0
DA:247,0
DA:248,0
DA:259,0
DA:260,0
DA:265,0
DA:266,0
DA:272,0
DA:276,0
DA:279,0
DA:280,0
DA:282,0
DA:283,0
DA:284,0
DA:285,0
DA:286,0
DA:287,0
DA:288,0
DA:292,0
DA:301,7
DA:302,0
DA:303,0
DA:304,0
DA:306,0
DA:307,0
DA:308,0
DA:309,0
DA:311,0
DA:312,0
DA:313,0
DA:314,0
DA:315,0
DA:316,0
DA:317,0
DA:318,0
DA:320,0
DA:321,0
DA:322,0
DA:323,0
DA:324,0
DA:327,0
DA:330,0
DA:331,0
DA:334,7
DA:335,0
DA:336,0
DA:337,0
DA:338,0
DA:342,0
DA:343,0
DA:344,0
DA:345,0
DA:348,0
DA:349,0
DA:350,0
DA:352,0
DA:353,0
DA:354,0
DA:356,0
DA:359,0
DA:364,0
DA:373,0
DA:379,0
DA:383,0
DA:387,0
DA:388,0
DA:390,0
DA:406,0
DA:427,0
DA:448,0
DA:464,0
DA:465,0
LF:154
LH:12
BRDA:26,0,0,0
BRDA:35,1,0,0
BRDA:44,2,0,0
BRDA:67,3,0,0
BRDA:67,3,1,0
BRDA:67,4,0,0
BRDA:67,4,1,0
BRDA:69,5,0,0
BRDA:73,6,0,0
BRDA:73,6,1,0
BRDA:73,7,0,0
BRDA:73,7,1,0
BRDA:75,8,0,0
BRDA:79,9,0,0
BRDA:79,9,1,0
BRDA:79,10,0,0
BRDA:79,10,1,0
BRDA:81,11,0,0
BRDA:86,12,0,0
BRDA:86,13,0,0
BRDA:86,13,1,0
BRDA:91,14,0,0
BRDA:94,15,0,0
BRDA:94,15,1,0
BRDA:95,16,0,0
BRDA:95,16,1,0
BRDA:96,17,0,0
BRDA:96,17,1,0
BRDA:97,18,0,0
BRDA:110,19,0,0
BRDA:110,19,1,0
BRDA:127,20,0,0
BRDA:141,21,0,0
BRDA:175,22,0,0
BRDA:216,23,0,0
BRDA:216,23,1,0
BRDA:259,24,0,0
BRDA:259,24,1,0
BRDA:259,25,0,0
BRDA:259,25,1,0
BRDA:265,26,0,0
BRDA:265,26,1,0
BRDA:282,27,0,0
BRDA:283,28,0,0
BRDA:283,28,1,0
BRDA:286,29,0,0
BRDA:294,30,0,0
BRDA:294,30,1,0
BRDA:303,31,0,0
BRDA:308,32,0,0
BRDA:316,33,0,0
BRDA:337,34,0,0
BRDA:349,35,0,0
BRDA:349,35,1,0
BRDA:354,36,0,0
BRDA:354,36,1,0
BRDA:356,37,0,0
BRDA:356,37,1,0
BRDA:368,38,0,0
BRDA:368,38,1,0
BRDA:379,39,0,0
BRDA:379,39,1,0
BRDA:383,40,0,0
BRDA:383,40,1,0
BRDA:443,41,0,0
BRDA:443,41,1,0
BRDA:449,42,0,0
BRDA:449,42,1,0
BRDA:456,43,0,0
BRDA:456,43,1,0
BRDA:457,44,0,0
BRDA:457,44,1,0
BRDA:458,45,0,0
BRDA:458,45,1,0
BRDA:459,46,0,0
BRDA:459,46,1,0
BRDA:459,47,0,0
BRDA:459,47,1,0
BRF:78
BRH:0
end_of_record
TN:
SF:src\controllers\payment.controller.ts
FN:13,(anonymous_1)
FN:46,(anonymous_2)
FNF:2
FNH:0
FNDA:0,(anonymous_1)
FNDA:0,(anonymous_2)
DA:3,7
DA:4,7
DA:5,7
DA:6,7
DA:7,7
DA:8,7
DA:9,7
DA:10,7
DA:11,7
DA:13,7
DA:14,0
DA:15,0
DA:16,0
DA:17,0
DA:18,0
DA:21,0
DA:22,0
DA:24,0
DA:25,0
DA:27,0
DA:40,0
DA:42,0
DA:46,7
DA:47,0
DA:49,0
DA:50,0
DA:51,0
DA:53,0
DA:54,0
DA:57,0
DA:61,0
DA:62,0
DA:66,0
DA:68,0
DA:69,0
DA:70,0
DA:73,0
DA:74,0
DA:75,0
DA:78,0
DA:83,0
DA:85,0
DA:88,0
DA:89,0
DA:91,0
DA:92,0
DA:93,0
DA:94,0
DA:110,0
DA:111,0
DA:112,0
DA:113,0
DA:114,0
DA:115,0
DA:120,0
DA:121,0
DA:125,0
DA:126,0
DA:127,0
DA:128,0
DA:129,0
DA:138,0
DA:139,0
DA:149,0
DA:150,0
DA:154,0
DA:156,0
LF:67
LH:11
BRDA:17,0,0,0
BRDA:21,1,0,0
BRDA:21,2,0,0
BRDA:21,2,1,0
BRDA:50,3,0,0
BRDA:50,3,1,0
BRDA:51,4,0,0
BRDA:51,4,1,0
BRDA:51,5,0,0
BRDA:51,5,1,0
BRDA:53,6,0,0
BRDA:61,7,0,0
BRDA:69,8,0,0
BRDA:69,9,0,0
BRDA:69,9,1,0
BRDA:74,10,0,0
BRDA:83,11,0,0
BRDA:89,12,0,0
BRDA:91,13,0,0
BRDA:91,13,1,0
BRDA:93,14,0,0
BRDA:114,15,0,0
BRDA:120,16,0,0
BRDA:126,17,0,0
BRF:24
BRH:0
end_of_record
TN:
SF:src\controllers\referral.controller.ts
FN:4,(anonymous_0)
FNF:1
FNH:0
FNDA:0,(anonymous_0)
DA:2,7
DA:4,7
DA:5,0
DA:6,0
DA:7,0
DA:8,0
DA:9,0
DA:11,0
DA:12,0
DA:13,0
DA:14,0
DA:16,0
LF:12
LH:2
BRDA:8,0,0,0
BRF:1
BRH:0
end_of_record
TN:
SF:src\controllers\shipment.controller.ts
FN:12,(anonymous_1)
FNF:1
FNH:0
FNDA:0,(anonymous_1)
DA:2,7
DA:3,7
DA:5,7
DA:12,7
DA:13,0
DA:14,0
DA:15,0
DA:16,0
DA:18,0
DA:19,0
DA:20,0
DA:22,0
LF:12
LH:4
BRDA:15,0,0,0
BRF:1
BRH:0
end_of_record
TN:
SF:src\middlewares\auth.middleware.ts
FN:8,(anonymous_1)
FNF:1
FNH:0
FNDA:0,(anonymous_1)
DA:2,7
DA:8,7
DA:9,0
DA:10,0
DA:11,0
DA:13,0
DA:14,0
DA:15,0
DA:16,0
DA:17,0
DA:19,0
LF:11
LH:2
BRDA:10,0,0,0
BRDA:10,1,0,0
BRDA:10,1,1,0
BRF:3
BRH:0
end_of_record
TN:
SF:src\middlewares\error.middleware.ts
FN:6,errorHandler
FNF:1
FNH:0
FNDA:0,errorHandler
DA:2,8
DA:4,8
DA:6,8
DA:7,0
DA:8,0
LF:5
LH:3
BRDA:8,0,0,0
BRDA:8,0,1,0
BRDA:10,1,0,0
BRDA:10,1,1,0
BRDA:11,2,0,0
BRDA:11,2,1,0
BRF:6
BRH:0
end_of_record
TN:
SF:src\middlewares\rateLimit.middleware.ts
FNF:0
FNH:0
DA:1,7
DA:4,7
DA:16,7
DA:28,7
LF:4
LH:4
BRDA:5,0,0,7
BRDA:5,0,1,7
BRDA:6,1,0,7
BRDA:6,1,1,7
BRF:4
BRH:4
end_of_record
TN:
SF:src\middlewares\rbac.middleware.ts
FN:4,(anonymous_0)
FN:5,(anonymous_1)
FNF:2
FNH:1
FNDA:119,(anonymous_0)
FNDA:0,(anonymous_1)
DA:4,7
DA:5,119
DA:6,0
DA:7,0
DA:9,0
LF:5
LH:2
BRDA:6,0,0,0
BRDA:6,1,0,0
BRDA:6,1,1,0
BRF:3
BRH:0
end_of_record
TN:
SF:src\middlewares\sanitize.middleware.ts
FN:3,isPlainObject
FN:7,sanitizeInPlace
FN:28,sanitizeRequest
FNF:3
FNH:0
FNDA:0,isPlainObject
FNDA:0,sanitizeInPlace
FNDA:0,sanitizeRequest
DA:4,0
DA:8,0
DA:9,0
DA:10,0
DA:12,0
DA:14,0
DA:15,0
DA:17,0
DA:18,0
DA:19,0
DA:21,0
DA:23,0
DA:25,0
DA:28,7
DA:29,0
DA:30,0
DA:33,0
DA:34,0
DA:36,0
DA:37,0
DA:39,0
LF:21
LH:1
BRDA:8,0,0,0
BRDA:14,1,0,0
BRDA:17,2,0,0
BRDA:17,3,0,0
BRDA:17,3,1,0
BRDA:29,4,0,0
BRDA:29,5,0,0
BRDA:29,5,1,0
BRDA:29,5,2,0
BRDA:33,6,0,0
BRDA:33,7,0,0
BRDA:33,7,1,0
BRDA:33,7,2,0
BRDA:36,8,0,0
BRDA:36,9,0,0
BRDA:36,9,1,0
BRDA:36,9,2,0
BRF:17
BRH:0
end_of_record
TN:
SF:src\middlewares\validation.middleware.ts
FN:4,(anonymous_0)
FN:5,(anonymous_1)
FN:11,(anonymous_2)
FN:19,(anonymous_3)
FN:20,(anonymous_4)
FN:26,(anonymous_5)
FN:34,(anonymous_6)
FN:35,(anonymous_7)
FN:41,(anonymous_8)
FNF:9
FNH:2
FNDA:91,(anonymous_0)
FNDA:0,(anonymous_1)
FNDA:0,(anonymous_2)
FNDA:0,(anonymous_3)
FNDA:0,(anonymous_4)
FNDA:0,(anonymous_5)
FNDA:7,(anonymous_6)
FNDA:0,(anonymous_7)
FNDA:0,(anonymous_8)
DA:4,7
DA:5,91
DA:6,0
DA:7,0
DA:8,0
DA:11,0
DA:14,0
DA:15,0
DA:19,7
DA:20,0
DA:21,0
DA:22,0
DA:23,0
DA:26,0
DA:29,0
DA:30,0
DA:34,7
DA:35,7
DA:36,0
DA:37,0
DA:38,0
DA:41,0
DA:44,0
DA:45,0
LF:24
LH:5
BRDA:7,0,0,0
BRDA:22,1,0,0
BRDA:37,2,0,0
BRF:3
BRH:0
end_of_record
TN:
SF:src\models\creditScore.model.ts
FNF:0
FNH:0
DA:1,7
DA:16,7
DA:25,7
DA:34,7
LF:4
LH:4
BRF:0
BRH:0
end_of_record
TN:
SF:src\models\harvest.model.ts
FNF:0
FNH:0
DA:1,7
DA:25,7
DA:41,7
DA:44,7
DA:45,7
DA:46,7
LF:6
LH:6
BRF:0
BRH:0
end_of_record
TN:
SF:src\models\listing.model.ts
FNF:0
FNH:0
DA:1,7
DA:15,7
DA:28,7
DA:31,7
DA:32,7
DA:33,7
LF:6
LH:6
BRF:0
BRH:0
end_of_record
TN:
SF:src\models\loanReferral.model.ts
FNF:0
FNH:0
DA:1,7
DA:12,7
DA:22,7
LF:3
LH:3
BRF:0
BRH:0
end_of_record
TN:
SF:src\models\notification.model.ts
FNF:0
FNH:0
DA:1,7
DA:15,7
DA:28,7
LF:3
LH:3
BRF:0
BRH:0
end_of_record
TN:
SF:src\models\order.model.ts
FNF:0
FNH:0
DA:1,7
DA:19,7
DA:28,7
DA:39,7
DA:42,7
DA:43,7
LF:6
LH:6
BRF:0
BRH:0
end_of_record
TN:
SF:src\models\partner.model.ts
FN:3,(anonymous_9)
FNF:1
FNH:1
FNDA:7,(anonymous_9)
DA:1,7
DA:3,7
DA:4,7
DA:5,7
DA:6,7
DA:7,7
DA:8,7
DA:23,7
DA:36,7
LF:9
LH:9
BRDA:3,0,0,7
BRDA:3,0,1,7
BRF:2
BRH:2
end_of_record
TN:
SF:src\models\referral.model.ts
FN:32,(anonymous_9)
FN:40,(anonymous_10)
FNF:2
FNH:0
FNDA:0,(anonymous_9)
FNDA:0,(anonymous_10)
DA:1,7
DA:16,7
DA:32,7
DA:33,0
DA:34,0
DA:36,0
DA:40,7
DA:41,0
DA:42,0
DA:43,0
DA:44,0
DA:47,0
DA:49,0
DA:52,0
DA:53,0
DA:58,0
DA:61,7
DA:64,7
DA:65,7
LF:19
LH:7
BRDA:33,0,0,0
BRDA:33,1,0,0
BRDA:33,1,1,0
BRF:3
BRH:0
end_of_record
TN:
SF:src\models\shipment.model.ts
FNF:0
FNH:0
DA:1,7
DA:12,7
DA:22,7
LF:3
LH:3
BRF:0
BRH:0
end_of_record
TN:
SF:src\models\transaction.model.ts
FN:3,(anonymous_9)
FN:11,(anonymous_10)
FN:72,(anonymous_11)
FN:80,(anonymous_12)
FN:104,(anonymous_13)
FNF:5
FNH:2
FNDA:7,(anonymous_9)
FNDA:7,(anonymous_10)
FNDA:0,(anonymous_11)
FNDA:0,(anonymous_12)
FNDA:0,(anonymous_13)
DA:1,7
DA:3,7
DA:4,7
DA:5,7
DA:6,7
DA:7,7
DA:8,7
DA:11,7
DA:12,7
DA:13,7
DA:14,7
DA:15,7
DA:37,7
DA:66,7
DA:67,7
DA:69,7
DA:72,7
DA:73,0
DA:74,0
DA:76,0
DA:80,7
DA:90,0
DA:104,7
DA:112,0
DA:125,7
LF:25
LH:20
BRDA:3,0,0,7
BRDA:3,0,1,7
BRDA:11,1,0,7
BRDA:11,1,1,7
BRDA:73,2,0,0
BRDA:73,3,0,0
BRDA:73,3,1,0
BRDA:73,3,2,0
BRDA:99,4,0,0
BRDA:99,4,1,0
BRDA:121,5,0,0
BRDA:121,5,1,0
BRF:12
BRH:4
end_of_record
TN:
SF:src\models\user.model.ts
FN:4,(anonymous_10)
FN:88,(anonymous_11)
FN:105,(anonymous_12)
FNF:3
FNH:1
FNDA:7,(anonymous_10)
FNDA:0,(anonymous_11)
FNDA:0,(anonymous_12)
DA:1,7
DA:2,7
DA:4,7
DA:5,7
DA:6,7
DA:7,7
DA:8,7
DA:9,7
DA:25,7
DA:57,7
DA:88,7
DA:89,0
DA:90,0
DA:93,0
DA:95,0
DA:96,0
DA:97,0
DA:100,0
DA:101,0
DA:102,0
DA:105,7
DA:106,0
DA:109,7
LF:23
LH:13
BRDA:4,0,0,7
BRDA:4,0,1,7
BRDA:89,1,0,0
BRDA:96,2,0,0
BRF:4
BRH:2
end_of_record
TN:
SF:src\routes\analytics.routes.ts
FNF:0
FNH:0
DA:1,7
DA:2,7
DA:4,7
DA:6,7
DA:7,7
DA:9,7
LF:6
LH:6
BRF:0
BRH:0
end_of_record
TN:
SF:src\routes\auth.routes.ts
FN:40,(anonymous_1)
FNF:1
FNH:0
FNDA:0,(anonymous_1)
DA:1,7
DA:2,7
DA:3,7
DA:4,7
DA:5,7
DA:8,7
DA:11,7
DA:19,7
DA:24,7
DA:28,7
DA:32,7
DA:33,7
DA:34,7
DA:35,7
DA:36,7
DA:37,7
DA:40,7
DA:41,0
DA:44,7
LF:19
LH:18
BRF:0
BRH:0
end_of_record
TN:
SF:src\routes\commission.routes.ts
FN:10,(anonymous_1)
FN:34,(anonymous_2)
FN:59,(anonymous_3)
FNF:3
FNH:0
FNDA:0,(anonymous_1)
FNDA:0,(anonymous_2)
FNDA:0,(anonymous_3)
DA:1,7
DA:2,7
DA:3,7
DA:4,7
DA:5,7
DA:7,7
DA:10,7
DA:11,0
DA:12,0
DA:13,0
DA:15,0
DA:20,0
DA:25,0
DA:26,0
DA:34,7
DA:35,0
DA:36,0
DA:37,0
DA:39,0
DA:45,0
DA:50,0
DA:51,0
DA:59,7
DA:60,0
DA:61,0
DA:65,0
DA:66,0
DA:72,0
DA:73,0
DA:75,0
DA:77,0
DA:78,0
DA:83,0
DA:89,0
DA:90,0
DA:97,7
LF:36
LH:10
BRDA:36,0,0,0
BRDA:36,1,0,0
BRDA:65,2,0,0
BRDA:77,3,0,0
BRDA:77,3,1,0
BRF:5
BRH:0
end_of_record
TN:
SF:src\routes\fintech.routes.ts
FNF:0
FNH:0
DA:1,7
DA:2,7
DA:3,7
DA:4,7
DA:5,7
DA:6,7
DA:8,7
DA:11,7
DA:19,7
DA:27,7
LF:10
LH:10
BRF:0
BRH:0
end_of_record
TN:
SF:src\routes\harvest.routes.ts
FNF:0
FNH:0
DA:1,7
DA:2,7
DA:3,7
DA:4,7
DA:5,7
DA:7,7
DA:9,7
DA:29,7
DA:43,7
DA:46,7
DA:48,7
LF:11
LH:11
BRF:0
BRH:0
end_of_record
TN:
SF:src\routes\marketplace.routes.ts
FN:63,(anonymous_1)
FN:66,(anonymous_2)
FNF:2
FNH:0
FNDA:0,(anonymous_1)
FNDA:0,(anonymous_2)
DA:1,7
DA:2,7
DA:3,7
DA:4,7
DA:5,7
DA:6,7
DA:7,7
DA:8,7
DA:9,7
DA:11,7
DA:13,7
DA:14,7
DA:15,7
DA:31,7
DA:45,7
DA:54,7
DA:61,7
DA:63,7
DA:65,0
DA:66,0
DA:67,0
DA:70,7
LF:22
LH:19
BRF:0
BRH:0
end_of_record
TN:
SF:src\routes\notification.routes.ts
FN:17,(anonymous_0)
FN:53,(anonymous_1)
FN:66,(anonymous_2)
FN:67,(anonymous_3)
FN:85,(anonymous_4)
FN:104,(anonymous_5)
FN:141,(anonymous_6)
FN:170,(anonymous_7)
FN:206,(anonymous_8)
FN:242,(anonymous_9)
FNF:10
FNH:0
FNDA:0,(anonymous_0)
FNDA:0,(anonymous_1)
FNDA:0,(anonymous_2)
FNDA:0,(anonymous_3)
FNDA:0,(anonymous_4)
FNDA:0,(anonymous_5)
FNDA:0,(anonymous_6)
FNDA:0,(anonymous_7)
FNDA:0,(anonymous_8)
FNDA:0,(anonymous_9)
DA:1,7
DA:2,7
DA:11,7
DA:12,7
DA:14,7
DA:17,7
DA:18,0
DA:19,0
DA:21,0
DA:22,0
DA:28,0
DA:30,0
DA:31,0
DA:37,0
DA:44,0
DA:53,7
DA:54,0
DA:55,0
DA:57,0
DA:58,0
DA:64,0
DA:66,0
DA:67,0
DA:69,0
DA:76,0
DA:85,7
DA:86,0
DA:87,0
DA:88,0
DA:90,0
DA:95,0
DA:104,7
DA:105,0
DA:106,0
DA:107,0
DA:109,0
DA:110,0
DA:116,0
DA:118,0
DA:119,0
DA:125,0
DA:132,0
DA:141,7
DA:142,0
DA:143,0
DA:144,0
DA:146,0
DA:147,0
DA:153,0
DA:154,0
DA:156,0
DA:161,0
DA:170,7
DA:171,0
DA:172,0
DA:174,0
DA:175,0
DA:181,0
DA:183,0
DA:184,0
DA:190,0
DA:197,0
DA:206,7
DA:207,0
DA:208,0
DA:210,0
DA:211,0
DA:217,0
DA:219,0
DA:220,0
DA:226,0
DA:233,0
DA:242,7
DA:243,0
DA:244,0
DA:246,0
DA:247,0
DA:253,0
DA:255,0
DA:256,0
DA:262,0
DA:269,0
DA:277,7
LF:83
LH:14
BRDA:21,0,0,0
BRDA:21,1,0,0
BRDA:21,1,1,0
BRDA:21,1,2,0
BRDA:30,2,0,0
BRDA:30,2,1,0
BRDA:47,3,0,0
BRDA:47,3,1,0
BRDA:57,4,0,0
BRDA:57,5,0,0
BRDA:57,5,1,0
BRDA:57,5,2,0
BRDA:57,5,3,0
BRDA:79,6,0,0
BRDA:79,6,1,0
BRDA:98,7,0,0
BRDA:98,7,1,0
BRDA:109,8,0,0
BRDA:109,9,0,0
BRDA:109,9,1,0
BRDA:118,10,0,0
BRDA:118,10,1,0
BRDA:135,11,0,0
BRDA:135,11,1,0
BRDA:146,12,0,0
BRDA:164,13,0,0
BRDA:164,13,1,0
BRDA:174,14,0,0
BRDA:174,15,0,0
BRDA:174,15,1,0
BRDA:174,15,2,0
BRDA:183,16,0,0
BRDA:183,16,1,0
BRDA:200,17,0,0
BRDA:200,17,1,0
BRDA:210,18,0,0
BRDA:210,19,0,0
BRDA:210,19,1,0
BRDA:210,19,2,0
BRDA:210,19,3,0
BRDA:219,20,0,0
BRDA:219,20,1,0
BRDA:236,21,0,0
BRDA:236,21,1,0
BRDA:246,22,0,0
BRDA:246,23,0,0
BRDA:246,23,1,0
BRDA:246,23,2,0
BRDA:255,24,0,0
BRDA:255,24,1,0
BRDA:272,25,0,0
BRDA:272,25,1,0
BRF:52
BRH:0
end_of_record
TN:
SF:src\routes\partner.routes.ts
FN:14,(anonymous_1)
FNF:1
FNH:0
FNDA:0,(anonymous_1)
DA:1,7
DA:2,7
DA:3,7
DA:4,7
DA:5,7
DA:6,7
DA:7,7
DA:9,7
DA:12,7
DA:15,0
DA:16,0
DA:18,0
DA:26,7
DA:45,7
DA:52,7
DA:54,7
LF:16
LH:13
BRDA:15,0,0,0
BRDA:15,0,1,0
BRDA:15,1,0,0
BRDA:15,1,1,0
BRF:4
BRH:0
end_of_record
TN:
SF:src\routes\payment.routes.ts
FNF:0
FNH:0
DA:1,7
DA:2,7
DA:3,7
DA:4,7
DA:5,7
DA:6,7
DA:8,7
DA:11,7
DA:18,7
DA:20,7
LF:10
LH:10
BRF:0
BRH:0
end_of_record
TN:
SF:src\routes\referral.routes.ts
FNF:0
FNH:0
DA:1,7
DA:2,7
DA:3,7
DA:4,7
DA:6,7
DA:9,7
DA:16,7
LF:7
LH:7
BRF:0
BRH:0
end_of_record
TN:
SF:src\routes\shipment.routes.ts
FNF:0
FNH:0
DA:1,7
DA:2,7
DA:3,7
DA:4,7
DA:6,7
DA:8,7
DA:10,7
LF:7
LH:7
BRF:0
BRH:0
end_of_record
TN:
SF:src\services\commission.service.ts
FN:19,(anonymous_0)
FN:53,(anonymous_1)
FN:96,(anonymous_2)
FN:154,(anonymous_3)
FN:189,(anonymous_4)
FNF:5
FNH:0
FNDA:0,(anonymous_0)
FNDA:0,(anonymous_1)
FNDA:0,(anonymous_2)
FNDA:0,(anonymous_3)
FNDA:0,(anonymous_4)
DA:1,7
DA:2,7
DA:3,7
DA:4,7
DA:5,7
DA:17,7
DA:24,0
DA:26,0
DA:31,0
DA:32,0
DA:35,0
DA:37,0
DA:47,0
DA:48,0
DA:54,0
DA:55,0
DA:58,0
DA:59,0
DA:60,0
DA:63,0
DA:66,0
DA:67,0
DA:81,0
DA:82,0
DA:83,0
DA:84,0
DA:88,0
DA:90,0
DA:91,0
DA:97,0
DA:98,0
DA:100,0
DA:101,0
DA:104,0
DA:106,0
DA:107,0
DA:109,0
DA:110,0
DA:111,0
DA:113,0
DA:114,0
DA:117,0
DA:120,0
DA:141,0
DA:148,0
DA:149,0
DA:155,0
DA:156,0
DA:158,0
DA:168,0
DA:173,0
DA:183,0
DA:184,0
DA:190,0
DA:191,0
DA:192,0
DA:193,0
DA:197,0
DA:198,0
DA:210,0
DA:211,0
DA:214,0
DA:220,0
DA:221,0
DA:222,0
DA:226,0
DA:228,0
DA:229,0
LF:68
LH:6
BRDA:31,0,0,0
BRDA:59,1,0,0
BRDA:83,2,0,0
BRDA:100,3,0,0
BRDA:104,4,0,0
BRDA:104,4,1,0
BRDA:104,4,2,0
BRDA:141,5,0,0
BRDA:141,5,1,0
BRDA:154,6,0,0
BRDA:154,7,0,0
BRDA:192,8,0,0
BRDA:192,9,0,0
BRDA:192,9,1,0
BRDA:221,10,0,0
BRF:15
BRH:0
end_of_record
TN:
SF:src\services\notification.service.ts
FN:40,(anonymous_1)
FN:72,(anonymous_2)
FN:101,(anonymous_3)
FN:146,(anonymous_4)
FN:194,(anonymous_5)
FN:262,(anonymous_6)
FN:282,(anonymous_7)
FN:299,(anonymous_8)
FN:322,(anonymous_9)
FN:337,(anonymous_10)
FN:361,(anonymous_11)
FN:388,(anonymous_12)
FN:408,(anonymous_13)
FNF:13
FNH:0
FNDA:0,(anonymous_1)
FNDA:0,(anonymous_2)
FNDA:0,(anonymous_3)
FNDA:0,(anonymous_4)
FNDA:0,(anonymous_5)
FNDA:0,(anonymous_6)
FNDA:0,(anonymous_7)
FNDA:0,(anonymous_8)
FNDA:0,(anonymous_9)
FNDA:0,(anonymous_10)
FNDA:0,(anonymous_11)
FNDA:0,(anonymous_12)
FNDA:0,(anonymous_13)
DA:1,7
DA:2,7
DA:3,7
DA:6,7
DA:7,7
DA:9,7
DA:10,0
DA:29,7
DA:40,7
DA:41,0
DA:43,0
DA:44,0
DA:45,0
DA:49,0
DA:50,0
DA:51,0
DA:52,0
DA:53,0
DA:54,0
DA:55,0
DA:58,0
DA:64,0
DA:65,0
DA:67,0
DA:68,0
DA:72,7
DA:73,0
DA:74,0
DA:75,0
DA:76,0
DA:77,0
DA:78,0
DA:80,0
DA:93,0
DA:94,0
DA:95,0
DA:97,0
DA:101,7
DA:102,0
DA:103,0
DA:104,0
DA:106,0
DA:107,0
DA:108,0
DA:112,0
DA:120,0
DA:130,0
DA:131,0
DA:132,0
DA:139,0
DA:140,0
DA:142,0
DA:146,7
DA:147,0
DA:148,0
DA:149,0
DA:150,0
DA:153,0
DA:154,0
DA:156,0
DA:157,0
DA:158,0
DA:161,0
DA:173,0
DA:182,0
DA:183,0
DA:184,0
DA:187,0
DA:188,0
DA:190,0
DA:194,7
DA:202,0
DA:203,0
DA:204,0
DA:205,0
DA:209,0
DA:212,0
DA:213,0
DA:217,0
DA:218,0
DA:221,0
DA:233,0
DA:235,0
DA:236,0
DA:238,0
DA:239,0
DA:241,0
DA:242,0
DA:244,0
DA:245,0
DA:247,0
DA:250,0
DA:251,0
DA:252,0
DA:254,0
DA:256,0
DA:257,0
DA:262,7
DA:263,0
DA:264,0
DA:266,0
DA:267,0
DA:270,0
DA:271,0
DA:273,0
DA:275,0
DA:276,0
DA:279,0
DA:280,0
DA:282,0
DA:286,0
DA:295,0
DA:299,7
DA:307,0
DA:309,0
DA:310,0
DA:311,0
DA:318,0
DA:322,7
DA:323,0
DA:324,0
DA:325,0
DA:326,0
DA:329,0
DA:331,0
DA:332,0
DA:337,7
DA:341,0
DA:342,0
DA:343,0
DA:344,0
DA:347,0
DA:352,0
DA:353,0
DA:355,0
DA:356,0
DA:361,7
DA:368,0
DA:374,0
DA:375,0
DA:376,0
DA:385,0
DA:388,7
DA:394,0
DA:395,0
DA:396,0
DA:404,0
DA:408,7
DA:413,0
DA:419,0
DA:420,0
DA:421,0
DA:428,0
LF:153
LH:19
BRDA:9,0,0,0
BRDA:9,1,0,7
BRDA:9,1,1,0
BRDA:43,2,0,0
BRDA:43,3,0,0
BRDA:43,3,1,0
BRDA:43,3,2,0
BRDA:50,4,0,0
BRDA:50,4,1,0
BRDA:52,5,0,0
BRDA:52,5,1,0
BRDA:54,6,0,0
BRDA:75,7,0,0
BRDA:75,7,1,0
BRDA:76,8,0,0
BRDA:93,9,0,0
BRDA:106,10,0,0
BRDA:106,11,0,0
BRDA:106,11,1,0
BRDA:115,12,0,0
BRDA:115,12,1,0
BRDA:130,13,0,0
BRDA:134,14,0,0
BRDA:134,14,1,0
BRDA:149,15,0,0
BRDA:149,16,0,0
BRDA:149,16,1,0
BRDA:156,17,0,0
BRDA:169,18,0,0
BRDA:169,18,1,0
BRDA:182,19,0,0
BRDA:204,20,0,0
BRDA:209,21,0,0
BRDA:209,21,1,0
BRDA:212,22,0,0
BRDA:217,23,0,0
BRDA:217,24,0,0
BRDA:217,24,1,0
BRDA:225,25,0,0
BRDA:225,25,1,0
BRDA:226,26,0,0
BRDA:226,26,1,0
BRDA:228,27,0,0
BRDA:228,27,1,0
BRDA:233,28,0,0
BRDA:233,28,1,0
BRDA:233,28,2,0
BRDA:233,28,3,0
BRDA:233,28,4,0
BRDA:238,29,0,0
BRDA:238,29,1,0
BRDA:244,30,0,0
BRDA:244,30,1,0
BRDA:250,31,0,0
BRDA:250,31,1,0
BRDA:275,32,0,0
BRDA:280,33,0,0
BRDA:289,34,0,0
BRDA:289,34,1,0
BRDA:290,35,0,0
BRDA:290,35,1,0
BRDA:325,36,0,0
BRDA:329,37,0,0
BRDA:329,37,1,0
BRDA:343,38,0,0
BRDA:348,39,0,0
BRDA:348,39,1,0
BRDA:365,40,0,0
BRF:68
BRH:1
end_of_record
TN:
SF:src\utils\cloudinary.util.ts
FNF:0
FNH:0
DA:1,7
DA:3,7
DA:9,7
LF:3
LH:3
BRF:0
BRH:0
end_of_record
TN:
SF:src\utils\email.util.ts
FN:10,isEmailConfigured
FN:14,sendEmail
FNF:2
FNH:0
FNDA:0,isEmailConfigured
FNDA:0,sendEmail
DA:1,7
DA:11,0
DA:14,7
DA:15,0
DA:18,0
DA:19,0
DA:22,0
DA:32,0
DA:34,0
DA:35,0
LF:10
LH:2
BRDA:11,0,0,0
BRDA:11,0,1,0
BRDA:11,0,2,0
BRDA:11,0,3,0
BRDA:15,1,0,0
BRDA:24,2,0,0
BRDA:24,2,1,0
BRDA:32,3,0,0
BRDA:32,3,1,0
BRDA:32,4,0,0
BRDA:32,4,1,0
BRF:11
BRH:0
end_of_record
TN:
SF:src\utils\paystack.util.ts
FN:5,(anonymous_1)
FN:21,(anonymous_2)
FNF:2
FNH:0
FNDA:0,(anonymous_1)
FNDA:0,(anonymous_2)
DA:1,6
DA:3,6
DA:5,6
DA:6,0
DA:7,0
DA:15,0
DA:17,0
DA:21,6
DA:22,0
DA:23,0
DA:24,0
DA:26,0
LF:12
LH:4
BRDA:9,0,0,0
BRDA:9,0,1,0
BRF:2
BRH:0
end_of_record
TN:
SF:src\utils\qr.util.ts
FN:3,generateQRCode
FNF:1
FNH:0
FNDA:0,generateQRCode
DA:1,7
DA:3,7
DA:4,0
LF:3
LH:2
BRF:0
BRH:0
end_of_record
