TN:
SF:src\swagger.ts
FNF:0
FNH:0
DA:1,1
DA:3261,1
LF:2
LH:2
BRF:0
BRH:0
end_of_record
TN:
SF:src\controllers\advancedML.controller.ts
FN:8,(anonymous_1)
FN:34,(anonymous_2)
FN:48,(anonymous_3)
FN:70,(anonymous_4)
FN:96,(anonymous_5)
FN:122,(anonymous_6)
FN:148,(anonymous_7)
FN:166,(anonymous_8)
FN:169,(anonymous_9)
FN:172,(anonymous_10)
FN:191,(anonymous_11)
FN:223,(anonymous_12)
FN:291,(anonymous_13)
FN:306,(anonymous_14)
FN:371,(anonymous_15)
FNF:15
FNH:0
FNDA:0,(anonymous_1)
FNDA:0,(anonymous_2)
FNDA:0,(anonymous_3)
FNDA:0,(anonymous_4)
FNDA:0,(anonymous_5)
FNDA:0,(anonymous_6)
FNDA:0,(anonymous_7)
FNDA:0,(anonymous_8)
FNDA:0,(anonymous_9)
FNDA:0,(anonymous_10)
FNDA:0,(anonymous_11)
FNDA:0,(anonymous_12)
FNDA:0,(anonymous_13)
FNDA:0,(anonymous_14)
FNDA:0,(anonymous_15)
DA:2,1
DA:3,1
DA:4,1
DA:6,1
DA:9,0
DA:10,0
DA:12,0
DA:13,0
DA:14,0
DA:20,0
DA:25,0
DA:26,0
DA:35,0
DA:36,0
DA:37,0
DA:39,0
DA:43,0
DA:44,0
DA:45,0
DA:48,0
DA:52,0
DA:54,0
DA:61,0
DA:62,0
DA:71,0
DA:72,0
DA:74,0
DA:75,0
DA:76,0
DA:82,0
DA:87,0
DA:88,0
DA:97,0
DA:98,0
DA:100,0
DA:101,0
DA:102,0
DA:108,0
DA:113,0
DA:114,0
DA:123,0
DA:124,0
DA:126,0
DA:127,0
DA:128,0
DA:134,0
DA:139,0
DA:140,0
DA:149,0
DA:150,0
DA:152,0
DA:158,0
DA:166,0
DA:169,0
DA:172,0
DA:177,0
DA:182,0
DA:183,0
DA:192,0
DA:193,0
DA:197,0
DA:209,0
DA:214,0
DA:215,0
DA:224,0
DA:225,0
DA:228,0
DA:234,0
DA:235,0
DA:237,0
DA:238,0
DA:239,0
DA:240,0
DA:244,0
DA:245,0
DA:246,0
DA:247,0
DA:251,0
DA:252,0
DA:253,0
DA:254,0
DA:258,0
DA:260,0
DA:277,0
DA:282,0
DA:283,0
DA:292,0
DA:293,0
DA:294,0
DA:296,0
DA:301,0
DA:302,0
DA:303,0
DA:306,0
DA:311,0
DA:357,0
DA:362,0
DA:363,0
DA:372,0
DA:374,0
DA:412,0
DA:417,0
DA:418,0
LF:103
LH:4
BRDA:13,0,0,0
BRDA:37,1,0,0
BRDA:44,2,0,0
BRDA:75,3,0,0
BRDA:101,4,0,0
BRDA:127,5,0,0
BRDA:159,6,0,0
BRDA:159,6,1,0
BRDA:160,7,0,0
BRDA:160,7,1,0
BRDA:161,8,0,0
BRDA:161,8,1,0
BRDA:166,9,0,0
BRDA:166,9,1,0
BRDA:169,10,0,0
BRDA:169,10,1,0
BRDA:170,11,0,0
BRDA:170,11,1,0
BRDA:172,12,0,0
BRDA:172,12,1,0
BRDA:237,13,0,0
BRDA:239,14,0,0
BRDA:244,15,0,0
BRDA:246,16,0,0
BRDA:251,17,0,0
BRDA:253,18,0,0
BRDA:262,19,0,0
BRDA:262,19,1,0
BRDA:262,20,0,0
BRDA:262,20,1,0
BRDA:262,21,0,0
BRDA:262,21,1,0
BRDA:262,22,0,0
BRDA:262,22,1,0
BRDA:271,23,0,0
BRDA:271,23,1,0
BRDA:272,24,0,0
BRDA:272,24,1,0
BRDA:273,25,0,0
BRDA:273,25,1,0
BRDA:302,26,0,0
BRDA:312,27,0,0
BRDA:312,27,1,0
BRDA:313,28,0,0
BRDA:313,28,1,0
BRF:45
BRH:0
end_of_record
TN:
SF:src\controllers\ai.controller.ts
FN:9,(anonymous_1)
FN:52,(anonymous_2)
FN:92,(anonymous_3)
FN:124,(anonymous_4)
FN:144,(anonymous_5)
FN:240,(anonymous_6)
FN:300,(anonymous_7)
FN:366,(anonymous_8)
FN:399,(anonymous_9)
FN:431,(anonymous_10)
FN:465,(anonymous_11)
FNF:11
FNH:0
FNDA:0,(anonymous_1)
FNDA:0,(anonymous_2)
FNDA:0,(anonymous_3)
FNDA:0,(anonymous_4)
FNDA:0,(anonymous_5)
FNDA:0,(anonymous_6)
FNDA:0,(anonymous_7)
FNDA:0,(anonymous_8)
FNDA:0,(anonymous_9)
FNDA:0,(anonymous_10)
FNDA:0,(anonymous_11)
DA:2,1
DA:3,1
DA:4,1
DA:5,1
DA:7,1
DA:10,0
DA:11,0
DA:16,0
DA:17,0
DA:24,0
DA:25,0
DA:27,0
DA:33,0
DA:43,0
DA:44,0
DA:53,0
DA:54,0
DA:60,0
DA:61,0
DA:68,0
DA:69,0
DA:71,0
DA:78,0
DA:83,0
DA:84,0
DA:93,0
DA:94,0
DA:98,0
DA:99,0
DA:106,0
DA:108,0
DA:110,0
DA:115,0
DA:116,0
DA:125,0
DA:126,0
DA:128,0
DA:130,0
DA:135,0
DA:136,0
DA:145,0
DA:146,0
DA:149,0
DA:152,0
DA:153,0
DA:154,0
DA:155,0
DA:158,0
DA:171,0
DA:180,0
DA:181,0
DA:182,0
DA:185,0
DA:186,0
DA:187,0
DA:191,0
DA:192,0
DA:193,0
DA:194,0
DA:198,0
DA:199,0
DA:200,0
DA:204,0
DA:205,0
DA:206,0
DA:210,0
DA:211,0
DA:212,0
DA:215,0
DA:231,0
DA:232,0
DA:241,0
DA:242,0
DA:243,0
DA:246,0
DA:249,0
DA:250,0
DA:251,0
DA:252,0
DA:255,0
DA:262,0
DA:270,0
DA:286,0
DA:291,0
DA:292,0
DA:301,0
DA:302,0
DA:303,0
DA:306,0
DA:312,0
DA:318,0
DA:352,0
DA:357,0
DA:358,0
DA:367,0
DA:368,0
DA:373,0
DA:374,0
DA:381,0
DA:383,0
DA:385,0
DA:390,0
DA:391,0
DA:400,0
DA:401,0
DA:405,0
DA:406,0
DA:413,0
DA:415,0
DA:417,0
DA:422,0
DA:423,0
DA:432,0
DA:433,0
DA:439,0
DA:440,0
DA:447,0
DA:449,0
DA:451,0
DA:456,0
DA:457,0
DA:466,0
DA:467,0
DA:473,0
DA:474,0
DA:481,0
DA:483,0
DA:485,0
DA:490,0
DA:491,0
LF:130
LH:5
BRDA:16,0,0,0
BRDA:60,1,0,0
BRDA:98,2,0,0
BRDA:153,3,0,0
BRDA:153,3,1,0
BRDA:155,4,0,0
BRDA:155,4,1,0
BRDA:155,5,0,0
BRDA:155,5,1,0
BRDA:180,6,0,0
BRDA:185,7,0,0
BRDA:191,8,0,0
BRDA:198,9,0,0
BRDA:204,10,0,0
BRDA:210,11,0,0
BRDA:243,12,0,0
BRDA:250,13,0,0
BRDA:250,13,1,0
BRDA:252,14,0,0
BRDA:252,14,1,0
BRDA:252,15,0,0
BRDA:252,15,1,0
BRDA:263,16,0,0
BRDA:263,16,1,0
BRDA:263,17,0,0
BRDA:263,17,1,0
BRDA:264,18,0,0
BRDA:264,18,1,0
BRDA:264,19,0,0
BRDA:264,19,1,0
BRDA:265,20,0,0
BRDA:265,20,1,0
BRDA:265,21,0,0
BRDA:265,21,1,0
BRDA:266,22,0,0
BRDA:266,22,1,0
BRDA:302,23,0,0
BRDA:373,24,0,0
BRDA:405,25,0,0
BRDA:439,26,0,0
BRDA:473,27,0,0
BRF:41
BRH:0
end_of_record
TN:
SF:src\controllers\analytics.controller.ts
FN:8,(anonymous_0)
FN:30,(anonymous_1)
FNF:2
FNH:0
FNDA:0,(anonymous_0)
FNDA:0,(anonymous_1)
DA:2,1
DA:3,1
DA:4,1
DA:5,1
DA:6,1
DA:8,1
DA:9,0
DA:10,0
DA:11,0
DA:12,0
DA:13,0
DA:14,0
DA:15,0
DA:26,0
DA:30,1
DA:31,0
DA:32,0
DA:33,0
DA:35,0
DA:36,0
DA:37,0
DA:40,0
DA:41,0
DA:42,0
DA:43,0
DA:46,0
DA:47,0
DA:53,0
DA:71,0
LF:29
LH:7
BRDA:33,0,0,0
BRDA:33,1,0,0
BRDA:36,2,0,0
BRF:3
BRH:0
end_of_record
TN:
SF:src\controllers\auth.controller.ts
FN:37,(anonymous_10)
FN:106,(anonymous_11)
FN:138,(anonymous_12)
FN:166,(anonymous_13)
FN:232,(anonymous_14)
FN:280,(anonymous_15)
FN:333,(anonymous_16)
FN:369,(anonymous_17)
FN:388,(anonymous_18)
FNF:9
FNH:0
FNDA:0,(anonymous_10)
FNDA:0,(anonymous_11)
FNDA:0,(anonymous_12)
FNDA:0,(anonymous_13)
FNDA:0,(anonymous_14)
FNDA:0,(anonymous_15)
FNDA:0,(anonymous_16)
FNDA:0,(anonymous_17)
FNDA:0,(anonymous_18)
DA:2,1
DA:3,1
DA:4,1
DA:5,1
DA:7,1
DA:15,1
DA:20,1
DA:24,1
DA:28,1
DA:33,1
DA:37,1
DA:38,0
DA:39,0
DA:40,0
DA:41,0
DA:43,0
DA:44,0
DA:45,0
DA:46,0
DA:50,0
DA:56,0
DA:66,0
DA:69,0
DA:70,0
DA:82,0
DA:89,0
DA:90,0
DA:91,0
DA:92,0
DA:93,0
DA:95,0
DA:102,0
DA:106,1
DA:107,0
DA:108,0
DA:109,0
DA:110,0
DA:112,0
DA:113,0
DA:114,0
DA:115,0
DA:117,0
DA:118,0
DA:119,0
DA:122,0
DA:123,0
DA:124,0
DA:125,0
DA:126,0
DA:127,0
DA:134,0
DA:138,1
DA:139,0
DA:140,0
DA:141,0
DA:142,0
DA:144,0
DA:146,0
DA:147,0
DA:149,0
DA:152,0
DA:153,0
DA:154,0
DA:156,0
DA:157,0
DA:158,0
DA:159,0
DA:160,0
DA:162,0
DA:166,1
DA:167,0
DA:168,0
DA:169,0
DA:170,0
DA:172,0
DA:174,0
DA:175,0
DA:177,0
DA:184,0
DA:191,0
DA:192,0
DA:193,0
DA:196,0
DA:197,0
DA:211,0
DA:212,0
DA:219,0
DA:223,0
DA:228,0
DA:232,1
DA:233,0
DA:234,0
DA:235,0
DA:236,0
DA:238,0
DA:242,0
DA:243,0
DA:245,0
DA:248,0
DA:249,0
DA:252,0
DA:253,0
DA:254,0
DA:257,0
DA:258,0
DA:261,0
DA:262,0
DA:266,0
DA:267,0
DA:268,0
DA:269,0
DA:271,0
DA:276,0
DA:280,1
DA:281,0
DA:282,0
DA:283,0
DA:284,0
DA:286,0
DA:290,0
DA:291,0
DA:293,0
DA:296,0
DA:297,0
DA:300,0
DA:301,0
DA:302,0
DA:305,0
DA:306,0
DA:309,0
DA:310,0
DA:313,0
DA:314,0
DA:318,0
DA:319,0
DA:320,0
DA:321,0
DA:323,0
DA:328,0
DA:333,1
DA:334,0
DA:335,0
DA:338,0
DA:339,0
DA:340,0
DA:344,0
DA:345,0
DA:346,0
DA:347,0
DA:353,0
DA:357,0
DA:358,0
DA:361,0
DA:362,0
DA:363,0
DA:364,0
DA:367,0
DA:368,0
DA:369,0
DA:370,0
DA:372,0
DA:374,0
DA:375,0
DA:379,0
DA:384,0
DA:388,1
DA:389,0
DA:390,0
DA:393,0
DA:394,0
DA:395,0
DA:399,0
DA:400,0
DA:404,0
DA:405,0
DA:409,0
DA:410,0
DA:414,0
DA:415,0
DA:416,0
DA:417,0
DA:418,0
DA:420,0
DA:425,0
LF:184
LH:18
BRDA:40,0,0,0
BRDA:45,1,0,0
BRDA:69,2,0,0
BRDA:69,2,1,0
BRDA:90,3,0,0
BRDA:90,3,1,0
BRDA:91,4,0,0
BRDA:91,4,1,0
BRDA:109,5,0,0
BRDA:114,6,0,0
BRDA:118,7,0,0
BRDA:123,8,0,0
BRDA:123,8,1,0
BRDA:124,9,0,0
BRDA:124,9,1,0
BRDA:141,10,0,0
BRDA:153,11,0,0
BRDA:153,12,0,0
BRDA:153,12,1,0
BRDA:156,13,0,0
BRDA:156,13,1,0
BRDA:157,14,0,0
BRDA:157,14,1,0
BRDA:169,15,0,0
BRDA:175,16,0,0
BRDA:196,17,0,0
BRDA:196,17,1,0
BRDA:235,18,0,0
BRDA:248,19,0,0
BRDA:253,20,0,0
BRDA:257,21,0,0
BRDA:261,22,0,0
BRDA:261,23,0,0
BRDA:261,23,1,0
BRDA:283,24,0,0
BRDA:296,25,0,0
BRDA:301,26,0,0
BRDA:305,27,0,0
BRDA:309,28,0,0
BRDA:313,29,0,0
BRDA:313,30,0,0
BRDA:313,30,1,0
BRDA:339,31,0,0
BRDA:344,32,0,0
BRDA:344,33,0,0
BRDA:344,33,1,0
BRDA:346,34,0,0
BRDA:346,35,0,0
BRDA:346,35,1,0
BRDA:363,36,0,0
BRDA:363,36,1,0
BRDA:374,37,0,0
BRDA:394,38,0,0
BRDA:399,39,0,0
BRDA:399,40,0,0
BRDA:399,40,1,0
BRDA:404,41,0,0
BRDA:409,42,0,0
BRF:58
BRH:0
end_of_record
TN:
SF:src\controllers\commission.controller.ts
FN:8,(anonymous_1)
FN:32,(anonymous_2)
FN:57,(anonymous_3)
FN:96,(anonymous_4)
FN:121,(anonymous_5)
FNF:5
FNH:0
FNDA:0,(anonymous_1)
FNDA:0,(anonymous_2)
FNDA:0,(anonymous_3)
FNDA:0,(anonymous_4)
FNDA:0,(anonymous_5)
DA:2,1
DA:3,1
DA:4,1
DA:6,1
DA:9,0
DA:10,0
DA:11,0
DA:13,0
DA:18,0
DA:23,0
DA:24,0
DA:33,0
DA:34,0
DA:35,0
DA:37,0
DA:43,0
DA:48,0
DA:49,0
DA:58,0
DA:59,0
DA:63,0
DA:64,0
DA:70,0
DA:71,0
DA:73,0
DA:75,0
DA:76,0
DA:81,0
DA:87,0
DA:88,0
DA:97,0
DA:98,0
DA:100,0
DA:107,0
DA:112,0
DA:113,0
DA:122,0
DA:123,0
DA:130,0
DA:131,0
DA:137,0
DA:139,0
DA:146,0
DA:147,0
DA:152,0
DA:158,0
DA:159,0
LF:47
LH:4
BRDA:34,0,0,0
BRDA:34,1,0,0
BRDA:63,2,0,0
BRDA:75,3,0,0
BRDA:75,3,1,0
BRDA:98,4,0,0
BRDA:98,5,0,0
BRDA:130,6,0,0
BRDA:146,7,0,0
BRDA:146,7,1,0
BRF:10
BRH:0
end_of_record
TN:
SF:src\controllers\fintech.controller.ts
FN:7,(anonymous_1)
FN:30,(anonymous_2)
FNF:2
FNH:0
FNDA:0,(anonymous_1)
FNDA:0,(anonymous_2)
DA:3,1
DA:4,1
DA:5,1
DA:7,1
DA:8,0
DA:9,0
DA:11,0
DA:12,0
DA:14,0
DA:15,0
DA:16,0
DA:18,0
DA:20,0
DA:24,1
DA:30,1
DA:31,0
DA:32,0
DA:33,0
DA:34,0
DA:36,0
DA:37,0
DA:38,0
DA:40,0
LF:23
LH:6
BRDA:11,0,0,0
BRDA:11,1,0,0
BRDA:11,1,1,0
BRDA:15,2,0,0
BRDA:33,3,0,0
BRF:5
BRH:0
end_of_record
TN:
SF:src\controllers\harvest.controller.ts
FN:15,(anonymous_1)
FN:31,(anonymous_2)
FN:105,(anonymous_3)
FN:119,(anonymous_4)
FNF:4
FNH:0
FNDA:0,(anonymous_1)
FNDA:0,(anonymous_2)
FNDA:0,(anonymous_3)
FNDA:0,(anonymous_4)
DA:2,1
DA:3,1
DA:4,1
DA:5,1
DA:7,1
DA:15,1
DA:16,0
DA:17,0
DA:18,0
DA:19,0
DA:21,0
DA:22,0
DA:23,0
DA:24,0
DA:25,0
DA:27,0
DA:31,1
DA:32,0
DA:44,0
DA:47,0
DA:50,0
DA:51,0
DA:55,0
DA:56,0
DA:60,0
DA:61,0
DA:62,0
DA:63,0
DA:67,0
DA:68,0
DA:69,0
DA:70,0
DA:74,0
DA:75,0
DA:78,0
DA:81,0
DA:88,0
DA:90,0
DA:101,0
DA:105,1
DA:106,0
DA:107,0
DA:108,0
DA:109,0
DA:110,0
DA:112,0
DA:114,0
DA:119,1
DA:120,0
DA:121,0
DA:123,0
DA:124,0
DA:130,0
DA:134,0
DA:135,0
DA:143,0
DA:164,0
DA:171,0
DA:172,0
LF:59
LH:9
BRDA:18,0,0,0
BRDA:40,1,0,0
BRDA:41,2,0,0
BRDA:42,3,0,0
BRDA:43,4,0,0
BRDA:50,5,0,0
BRDA:55,6,0,0
BRDA:60,7,0,0
BRDA:60,8,0,0
BRDA:60,8,1,0
BRDA:62,9,0,0
BRDA:63,10,0,0
BRDA:67,11,0,0
BRDA:67,12,0,0
BRDA:67,12,1,0
BRDA:69,13,0,0
BRDA:70,14,0,0
BRDA:75,15,0,0
BRDA:75,15,1,0
BRDA:109,16,0,0
BRDA:123,17,0,0
BRDA:134,18,0,0
BRDA:160,19,0,0
BRDA:160,19,1,0
BRF:24
BRH:0
end_of_record
TN:
SF:src\controllers\imageRecognition.controller.ts
FN:9,(anonymous_1)
FN:32,(anonymous_2)
FN:91,(anonymous_3)
FN:118,(anonymous_4)
FN:156,(anonymous_5)
FN:180,(anonymous_6)
FN:191,(anonymous_7)
FN:210,(anonymous_8)
FN:224,(anonymous_9)
FN:256,(anonymous_10)
FN:275,(anonymous_11)
FN:315,(anonymous_12)
FN:346,(anonymous_13)
FN:350,(anonymous_14)
FN:361,(anonymous_15)
FN:365,(anonymous_16)
FN:396,(anonymous_17)
FN:459,(anonymous_18)
FN:494,(anonymous_19)
FN:500,(anonymous_20)
FN:556,(anonymous_21)
FNF:21
FNH:0
FNDA:0,(anonymous_1)
FNDA:0,(anonymous_2)
FNDA:0,(anonymous_3)
FNDA:0,(anonymous_4)
FNDA:0,(anonymous_5)
FNDA:0,(anonymous_6)
FNDA:0,(anonymous_7)
FNDA:0,(anonymous_8)
FNDA:0,(anonymous_9)
FNDA:0,(anonymous_10)
FNDA:0,(anonymous_11)
FNDA:0,(anonymous_12)
FNDA:0,(anonymous_13)
FNDA:0,(anonymous_14)
FNDA:0,(anonymous_15)
FNDA:0,(anonymous_16)
FNDA:0,(anonymous_17)
FNDA:0,(anonymous_18)
FNDA:0,(anonymous_19)
FNDA:0,(anonymous_20)
FNDA:0,(anonymous_21)
DA:2,1
DA:3,1
DA:4,1
DA:5,1
DA:7,1
DA:10,0
DA:11,0
DA:27,0
DA:28,0
DA:29,0
DA:32,0
DA:36,0
DA:37,0
DA:40,0
DA:46,0
DA:49,0
DA:69,0
DA:71,0
DA:73,0
DA:82,0
DA:83,0
DA:92,0
DA:93,0
DA:94,0
DA:96,0
DA:97,0
DA:98,0
DA:104,0
DA:109,0
DA:110,0
DA:119,0
DA:120,0
DA:121,0
DA:123,0
DA:124,0
DA:125,0
DA:126,0
DA:128,0
DA:129,0
DA:134,0
DA:136,0
DA:147,0
DA:148,0
DA:157,0
DA:158,0
DA:159,0
DA:161,0
DA:165,0
DA:171,0
DA:172,0
DA:181,0
DA:182,0
DA:184,0
DA:191,0
DA:192,0
DA:195,0
DA:201,0
DA:202,0
DA:211,0
DA:212,0
DA:213,0
DA:215,0
DA:219,0
DA:220,0
DA:221,0
DA:224,0
DA:228,0
DA:229,0
DA:230,0
DA:236,0
DA:237,0
DA:239,0
DA:241,0
DA:247,0
DA:248,0
DA:257,0
DA:258,0
DA:259,0
DA:261,0
DA:270,0
DA:271,0
DA:272,0
DA:275,0
DA:279,0
DA:280,0
DA:281,0
DA:287,0
DA:296,0
DA:298,0
DA:300,0
DA:306,0
DA:307,0
DA:316,0
DA:317,0
DA:318,0
DA:320,0
DA:321,0
DA:322,0
DA:328,0
DA:330,0
DA:332,0
DA:337,0
DA:338,0
DA:347,0
DA:349,0
DA:350,0
DA:351,0
DA:353,0
DA:354,0
DA:356,0
DA:358,0
DA:362,0
DA:364,0
DA:365,0
DA:391,0
DA:396,0
DA:416,0
DA:437,0
DA:458,0
DA:459,0
DA:485,0
DA:495,0
DA:497,0
DA:499,0
DA:500,0
DA:501,0
DA:511,0
DA:514,0
DA:515,0
DA:524,0
DA:527,0
DA:528,0
DA:537,0
DA:540,0
DA:543,0
DA:552,0
DA:555,0
DA:556,0
DA:557,0
DA:567,0
DA:570,0
LF:141
LH:5
BRDA:28,0,0,0
BRDA:60,1,0,0
BRDA:60,1,1,0
BRDA:61,2,0,0
BRDA:61,2,1,0
BRDA:97,3,0,0
BRDA:121,4,0,0
BRDA:121,5,0,0
BRDA:124,6,0,0
BRDA:125,7,0,0
BRDA:126,8,0,0
BRDA:220,9,0,0
BRDA:229,10,0,0
BRDA:271,11,0,0
BRDA:280,12,0,0
BRDA:321,13,0,0
BRDA:347,14,0,0
BRDA:347,14,1,0
BRDA:349,15,0,0
BRDA:351,16,0,0
BRDA:351,16,1,0
BRDA:354,17,0,0
BRDA:362,18,0,0
BRDA:362,18,1,0
BRDA:362,18,2,0
BRDA:362,18,3,0
BRDA:362,18,4,0
BRDA:362,18,5,0
BRDA:373,19,0,0
BRDA:373,19,1,0
BRDA:374,20,0,0
BRDA:374,20,1,0
BRDA:467,21,0,0
BRDA:467,21,1,0
BRDA:468,22,0,0
BRDA:468,22,1,0
BRDA:497,23,0,0
BRDA:497,23,1,0
BRDA:497,23,2,0
BRDA:497,23,3,0
BRDA:497,23,4,0
BRDA:499,24,0,0
BRDA:503,25,0,0
BRDA:503,25,1,0
BRDA:514,26,0,0
BRDA:517,27,0,0
BRDA:517,27,1,0
BRDA:527,28,0,0
BRDA:540,29,0,0
BRDA:540,30,0,0
BRDA:540,30,1,0
BRDA:540,30,2,0
BRDA:555,31,0,0
BRDA:559,32,0,0
BRDA:559,32,1,0
BRF:55
BRH:0
end_of_record
TN:
SF:src\controllers\iot.controller.ts
FN:9,(anonymous_1)
FN:40,(anonymous_2)
FN:84,(anonymous_3)
FN:104,(anonymous_4)
FN:131,(anonymous_5)
FN:148,(anonymous_6)
FN:206,(anonymous_7)
FN:226,(anonymous_8)
FN:254,(anonymous_9)
FN:272,(anonymous_10)
FN:290,(anonymous_11)
FN:330,(anonymous_12)
FN:346,(anonymous_13)
FN:403,(anonymous_14)
FN:429,(anonymous_15)
FN:452,(anonymous_16)
FN:460,(anonymous_17)
FN:461,(anonymous_18)
FN:462,(anonymous_19)
FN:463,(anonymous_20)
FN:464,(anonymous_21)
FN:465,(anonymous_22)
FN:465,(anonymous_23)
FN:466,(anonymous_24)
FN:466,(anonymous_25)
FN:483,(anonymous_26)
FNF:26
FNH:0
FNDA:0,(anonymous_1)
FNDA:0,(anonymous_2)
FNDA:0,(anonymous_3)
FNDA:0,(anonymous_4)
FNDA:0,(anonymous_5)
FNDA:0,(anonymous_6)
FNDA:0,(anonymous_7)
FNDA:0,(anonymous_8)
FNDA:0,(anonymous_9)
FNDA:0,(anonymous_10)
FNDA:0,(anonymous_11)
FNDA:0,(anonymous_12)
FNDA:0,(anonymous_13)
FNDA:0,(anonymous_14)
FNDA:0,(anonymous_15)
FNDA:0,(anonymous_16)
FNDA:0,(anonymous_17)
FNDA:0,(anonymous_18)
FNDA:0,(anonymous_19)
FNDA:0,(anonymous_20)
FNDA:0,(anonymous_21)
FNDA:0,(anonymous_22)
FNDA:0,(anonymous_23)
FNDA:0,(anonymous_24)
FNDA:0,(anonymous_25)
FNDA:0,(anonymous_26)
DA:2,1
DA:3,1
DA:4,1
DA:5,1
DA:7,1
DA:10,0
DA:11,0
DA:35,0
DA:36,0
DA:37,0
DA:40,0
DA:44,0
DA:47,0
DA:48,0
DA:49,0
DA:55,0
DA:65,0
DA:67,0
DA:69,0
DA:75,0
DA:76,0
DA:85,0
DA:86,0
DA:87,0
DA:89,0
DA:95,0
DA:96,0
DA:105,0
DA:106,0
DA:107,0
DA:109,0
DA:110,0
DA:111,0
DA:117,0
DA:122,0
DA:123,0
DA:132,0
DA:133,0
DA:134,0
DA:136,0
DA:143,0
DA:144,0
DA:145,0
DA:148,0
DA:152,0
DA:153,0
DA:154,0
DA:161,0
DA:170,0
DA:171,0
DA:175,0
DA:176,0
DA:177,0
DA:178,0
DA:180,0
DA:189,0
DA:191,0
DA:197,0
DA:198,0
DA:207,0
DA:208,0
DA:209,0
DA:211,0
DA:212,0
DA:213,0
DA:219,0
DA:222,0
DA:223,0
DA:224,0
DA:226,0
DA:227,0
DA:232,0
DA:234,0
DA:245,0
DA:246,0
DA:255,0
DA:256,0
DA:257,0
DA:259,0
DA:260,0
DA:261,0
DA:267,0
DA:270,0
DA:271,0
DA:272,0
DA:275,0
DA:281,0
DA:282,0
DA:291,0
DA:292,0
DA:294,0
DA:295,0
DA:296,0
DA:302,0
DA:303,0
DA:304,0
DA:310,0
DA:311,0
DA:314,0
DA:316,0
DA:321,0
DA:322,0
DA:331,0
DA:332,0
DA:333,0
DA:335,0
DA:341,0
DA:342,0
DA:343,0
DA:346,0
DA:350,0
DA:351,0
DA:352,0
DA:359,0
DA:360,0
DA:361,0
DA:364,0
DA:365,0
DA:374,0
DA:375,0
DA:384,0
DA:386,0
DA:388,0
DA:394,0
DA:395,0
DA:404,0
DA:405,0
DA:407,0
DA:408,0
DA:409,0
DA:415,0
DA:420,0
DA:421,0
DA:430,0
DA:431,0
DA:432,0
DA:434,0
DA:436,0
DA:443,0
DA:444,0
DA:453,0
DA:454,0
DA:456,0
DA:458,0
DA:460,0
DA:461,0
DA:462,0
DA:463,0
DA:464,0
DA:465,0
DA:466,0
DA:469,0
DA:474,0
DA:475,0
DA:484,0
DA:485,0
DA:486,0
DA:488,0
DA:489,0
DA:490,0
DA:496,0
DA:498,0
DA:500,0
DA:505,0
DA:506,0
LF:165
LH:5
BRDA:36,0,0,0
BRDA:48,1,0,0
BRDA:110,2,0,0
BRDA:144,3,0,0
BRDA:153,4,0,0
BRDA:166,5,0,0
BRDA:166,5,1,0
BRDA:170,6,0,0
BRDA:175,7,0,0
BRDA:175,8,0,0
BRDA:175,8,1,0
BRDA:176,9,0,0
BRDA:176,9,1,0
BRDA:177,10,0,0
BRDA:177,10,1,0
BRDA:177,11,0,0
BRDA:177,11,1,0
BRDA:194,12,0,0
BRDA:194,12,1,0
BRDA:209,13,0,0
BRDA:212,14,0,0
BRDA:222,15,0,0
BRDA:222,16,0,0
BRDA:222,16,1,0
BRDA:223,17,0,0
BRDA:223,17,1,0
BRDA:224,18,0,0
BRDA:224,18,1,0
BRDA:227,19,0,0
BRDA:227,19,1,0
BRDA:260,20,0,0
BRDA:270,21,0,0
BRDA:295,22,0,0
BRDA:303,23,0,0
BRDA:303,24,0,0
BRDA:303,24,1,0
BRDA:310,25,0,0
BRDA:342,26,0,0
BRDA:351,27,0,0
BRDA:359,28,0,0
BRDA:360,29,0,0
BRDA:361,30,0,0
BRDA:364,31,0,0
BRDA:364,32,0,0
BRDA:364,32,1,0
BRDA:374,33,0,0
BRDA:374,34,0,0
BRDA:374,34,1,0
BRDA:408,35,0,0
BRDA:432,36,0,0
BRDA:466,37,0,0
BRDA:466,37,1,0
BRDA:489,38,0,0
BRF:53
BRH:0
end_of_record
TN:
SF:src\controllers\language.controller.ts
FN:11,(anonymous_1)
FN:16,(anonymous_2)
FN:46,(anonymous_3)
FN:74,(anonymous_4)
FN:100,(anonymous_5)
FN:132,(anonymous_6)
FN:163,(anonymous_7)
FN:205,(anonymous_8)
FN:256,(anonymous_9)
FN:265,(anonymous_10)
FN:289,(anonymous_11)
FN:299,(anonymous_12)
FN:309,(anonymous_13)
FN:319,(anonymous_14)
FN:329,(anonymous_15)
FN:339,(anonymous_16)
FNF:16
FNH:0
FNDA:0,(anonymous_1)
FNDA:0,(anonymous_2)
FNDA:0,(anonymous_3)
FNDA:0,(anonymous_4)
FNDA:0,(anonymous_5)
FNDA:0,(anonymous_6)
FNDA:0,(anonymous_7)
FNDA:0,(anonymous_8)
FNDA:0,(anonymous_9)
FNDA:0,(anonymous_10)
FNDA:0,(anonymous_11)
FNDA:0,(anonymous_12)
FNDA:0,(anonymous_13)
FNDA:0,(anonymous_14)
FNDA:0,(anonymous_15)
FNDA:0,(anonymous_16)
DA:2,1
DA:3,1
DA:4,1
DA:6,1
DA:12,0
DA:13,0
DA:14,0
DA:16,0
DA:24,0
DA:34,0
DA:35,0
DA:47,0
DA:48,0
DA:53,0
DA:54,0
DA:60,0
DA:61,0
DA:64,0
DA:65,0
DA:73,0
DA:74,0
DA:75,0
DA:78,0
DA:88,0
DA:89,0
DA:101,0
DA:102,0
DA:104,0
DA:105,0
DA:113,0
DA:131,0
DA:132,0
DA:133,0
DA:136,0
DA:151,0
DA:152,0
DA:164,0
DA:165,0
DA:167,0
DA:168,0
DA:175,0
DA:187,0
DA:193,0
DA:194,0
DA:206,0
DA:207,0
DA:212,0
DA:213,0
DA:219,0
DA:221,0
DA:222,0
DA:231,0
DA:233,0
DA:244,0
DA:245,0
DA:257,0
DA:258,0
DA:262,0
DA:265,0
DA:274,0
DA:280,0
DA:281,0
DA:290,0
DA:296,0
DA:300,0
DA:306,0
DA:310,0
DA:316,0
DA:320,0
DA:326,0
DA:330,0
DA:336,0
DA:340,0
DA:346,0
LF:74
LH:4
BRDA:53,0,0,0
BRDA:61,1,0,0
BRDA:61,1,1,0
BRDA:61,1,2,0
BRDA:64,2,0,0
BRDA:104,3,0,0
BRDA:167,4,0,0
BRDA:212,5,0,0
BRDA:221,6,0,0
BRDA:296,7,0,0
BRDA:296,7,1,0
BRDA:306,8,0,0
BRDA:306,8,1,0
BRDA:316,9,0,0
BRDA:316,9,1,0
BRDA:326,10,0,0
BRDA:326,10,1,0
BRDA:336,11,0,0
BRDA:336,11,1,0
BRDA:346,12,0,0
BRDA:346,12,1,0
BRF:21
BRH:0
end_of_record
TN:
SF:src\controllers\marketplace.controller.ts
FN:15,(anonymous_1)
FN:105,(anonymous_2)
FN:119,(anonymous_3)
FN:146,(anonymous_4)
FN:163,(anonymous_5)
FN:178,(anonymous_6)
FNF:6
FNH:0
FNDA:0,(anonymous_1)
FNDA:0,(anonymous_2)
FNDA:0,(anonymous_3)
FNDA:0,(anonymous_4)
FNDA:0,(anonymous_5)
FNDA:0,(anonymous_6)
DA:2,1
DA:3,1
DA:4,1
DA:6,1
DA:15,1
DA:16,0
DA:30,0
DA:33,0
DA:36,0
DA:37,0
DA:44,0
DA:45,0
DA:49,0
DA:50,0
DA:51,0
DA:52,0
DA:56,0
DA:57,0
DA:58,0
DA:59,0
DA:63,0
DA:64,0
DA:68,0
DA:69,0
DA:73,0
DA:74,0
DA:77,0
DA:80,0
DA:88,0
DA:90,0
DA:101,0
DA:105,1
DA:106,0
DA:107,0
DA:108,0
DA:109,0
DA:111,0
DA:112,0
DA:113,0
DA:115,0
DA:119,1
DA:120,0
DA:121,0
DA:122,0
DA:123,0
DA:125,0
DA:126,0
DA:127,0
DA:128,0
DA:129,0
DA:130,0
DA:132,0
DA:133,0
DA:135,0
DA:136,0
DA:138,0
DA:139,0
DA:140,0
DA:142,0
DA:146,1
DA:147,0
DA:148,0
DA:149,0
DA:150,0
DA:151,0
DA:153,0
DA:154,0
DA:155,0
DA:157,0
DA:159,0
DA:163,1
DA:164,0
DA:165,0
DA:167,0
DA:168,0
DA:172,0
DA:178,0
DA:184,0
DA:189,0
LF:79
LH:9
BRDA:26,0,0,0
BRDA:27,1,0,0
BRDA:28,2,0,0
BRDA:29,3,0,0
BRDA:36,4,0,0
BRDA:44,5,0,0
BRDA:49,6,0,0
BRDA:49,7,0,0
BRDA:49,7,1,0
BRDA:51,8,0,0
BRDA:52,9,0,0
BRDA:56,10,0,0
BRDA:56,11,0,0
BRDA:56,11,1,0
BRDA:58,12,0,0
BRDA:59,13,0,0
BRDA:63,14,0,0
BRDA:68,15,0,0
BRDA:74,16,0,0
BRDA:74,16,1,0
BRDA:108,17,0,0
BRDA:122,18,0,0
BRDA:122,19,0,0
BRDA:122,19,1,0
BRDA:122,19,2,0
BRDA:129,20,0,0
BRDA:129,21,0,0
BRDA:129,21,1,0
BRDA:132,22,0,0
BRDA:150,23,0,0
BRDA:154,24,0,0
BRDA:167,25,0,0
BRDA:167,26,0,0
BRDA:167,26,1,0
BRF:34
BRH:0
end_of_record
TN:
SF:src\controllers\partner.controller.ts
FN:24,(anonymous_1)
FN:57,(anonymous_2)
FN:60,(anonymous_3)
FN:92,(anonymous_4)
FN:121,(anonymous_5)
FN:152,(anonymous_6)
FN:153,(anonymous_7)
FN:157,(anonymous_8)
FN:230,(anonymous_9)
FN:231,(anonymous_10)
FN:247,(anonymous_11)
FN:248,(anonymous_12)
FN:301,(anonymous_13)
FN:341,(anonymous_14)
FN:350,(anonymous_15)
FN:356,(anonymous_16)
FN:358,(anonymous_17)
FN:363,(anonymous_18)
FN:386,(anonymous_19)
FN:390,(anonymous_20)
FN:455,(anonymous_21)
FNF:21
FNH:0
FNDA:0,(anonymous_1)
FNDA:0,(anonymous_2)
FNDA:0,(anonymous_3)
FNDA:0,(anonymous_4)
FNDA:0,(anonymous_5)
FNDA:0,(anonymous_6)
FNDA:0,(anonymous_7)
FNDA:0,(anonymous_8)
FNDA:0,(anonymous_9)
FNDA:0,(anonymous_10)
FNDA:0,(anonymous_11)
FNDA:0,(anonymous_12)
FNDA:0,(anonymous_13)
FNDA:0,(anonymous_14)
FNDA:0,(anonymous_15)
FNDA:0,(anonymous_16)
FNDA:0,(anonymous_17)
FNDA:0,(anonymous_18)
FNDA:0,(anonymous_19)
FNDA:0,(anonymous_20)
FNDA:0,(anonymous_21)
DA:2,1
DA:3,1
DA:4,1
DA:5,1
DA:6,1
DA:7,1
DA:8,1
DA:11,1
DA:18,1
DA:24,1
DA:25,0
DA:26,0
DA:27,0
DA:34,0
DA:35,0
DA:36,0
DA:43,0
DA:44,0
DA:45,0
DA:52,0
DA:53,0
DA:54,0
DA:55,0
DA:57,0
DA:58,0
DA:61,0
DA:64,0
DA:67,0
DA:68,0
DA:69,0
DA:70,0
DA:73,0
DA:74,0
DA:75,0
DA:76,0
DA:79,0
DA:80,0
DA:81,0
DA:82,0
DA:86,0
DA:87,0
DA:91,0
DA:92,0
DA:93,0
DA:94,0
DA:95,0
DA:96,0
DA:97,0
DA:99,0
DA:106,0
DA:110,0
DA:112,0
DA:122,0
DA:127,0
DA:128,0
DA:141,0
DA:142,0
DA:150,0
DA:152,0
DA:153,0
DA:157,0
DA:164,0
DA:165,0
DA:166,0
DA:168,0
DA:169,0
DA:171,0
DA:175,0
DA:176,0
DA:182,0
DA:186,0
DA:194,0
DA:195,0
DA:198,0
DA:201,0
DA:209,0
DA:216,0
DA:217,0
DA:227,0
DA:230,0
DA:231,0
DA:234,0
DA:237,0
DA:247,0
DA:248,0
DA:259,0
DA:260,0
DA:265,0
DA:266,0
DA:272,0
DA:276,0
DA:279,0
DA:280,0
DA:282,0
DA:283,0
DA:284,0
DA:285,0
DA:286,0
DA:287,0
DA:288,0
DA:292,0
DA:301,1
DA:302,0
DA:303,0
DA:304,0
DA:306,0
DA:307,0
DA:308,0
DA:309,0
DA:311,0
DA:312,0
DA:313,0
DA:314,0
DA:315,0
DA:316,0
DA:317,0
DA:318,0
DA:320,0
DA:321,0
DA:322,0
DA:323,0
DA:324,0
DA:327,0
DA:328,0
DA:330,0
DA:334,0
DA:337,0
DA:338,0
DA:341,1
DA:342,0
DA:343,0
DA:344,0
DA:345,0
DA:349,0
DA:350,0
DA:351,0
DA:352,0
DA:355,0
DA:356,0
DA:357,0
DA:359,0
DA:360,0
DA:361,0
DA:363,0
DA:366,0
DA:371,0
DA:380,0
DA:386,0
DA:390,0
DA:394,0
DA:395,0
DA:397,0
DA:413,0
DA:434,0
DA:455,0
DA:471,0
DA:472,0
LF:157
LH:12
BRDA:26,0,0,0
BRDA:35,1,0,0
BRDA:44,2,0,0
BRDA:67,3,0,0
BRDA:67,3,1,0
BRDA:67,4,0,0
BRDA:67,4,1,0
BRDA:69,5,0,0
BRDA:73,6,0,0
BRDA:73,6,1,0
BRDA:73,7,0,0
BRDA:73,7,1,0
BRDA:75,8,0,0
BRDA:79,9,0,0
BRDA:79,9,1,0
BRDA:79,10,0,0
BRDA:79,10,1,0
BRDA:81,11,0,0
BRDA:86,12,0,0
BRDA:86,13,0,0
BRDA:86,13,1,0
BRDA:91,14,0,0
BRDA:94,15,0,0
BRDA:94,15,1,0
BRDA:95,16,0,0
BRDA:95,16,1,0
BRDA:96,17,0,0
BRDA:96,17,1,0
BRDA:97,18,0,0
BRDA:110,19,0,0
BRDA:110,19,1,0
BRDA:127,20,0,0
BRDA:141,21,0,0
BRDA:175,22,0,0
BRDA:216,23,0,0
BRDA:216,23,1,0
BRDA:259,24,0,0
BRDA:259,24,1,0
BRDA:259,25,0,0
BRDA:259,25,1,0
BRDA:265,26,0,0
BRDA:265,26,1,0
BRDA:282,27,0,0
BRDA:283,28,0,0
BRDA:283,28,1,0
BRDA:286,29,0,0
BRDA:294,30,0,0
BRDA:294,30,1,0
BRDA:303,31,0,0
BRDA:308,32,0,0
BRDA:316,33,0,0
BRDA:344,34,0,0
BRDA:356,35,0,0
BRDA:356,35,1,0
BRDA:361,36,0,0
BRDA:361,36,1,0
BRDA:363,37,0,0
BRDA:363,37,1,0
BRDA:375,38,0,0
BRDA:375,38,1,0
BRDA:386,39,0,0
BRDA:386,39,1,0
BRDA:390,40,0,0
BRDA:390,40,1,0
BRDA:450,41,0,0
BRDA:450,41,1,0
BRDA:456,42,0,0
BRDA:456,42,1,0
BRDA:463,43,0,0
BRDA:463,43,1,0
BRDA:464,44,0,0
BRDA:464,44,1,0
BRDA:465,45,0,0
BRDA:465,45,1,0
BRDA:466,46,0,0
BRDA:466,46,1,0
BRDA:466,47,0,0
BRDA:466,47,1,0
BRF:78
BRH:0
end_of_record
TN:
SF:src\controllers\payment.controller.ts
FN:13,(anonymous_1)
FN:46,(anonymous_2)
FNF:2
FNH:0
FNDA:0,(anonymous_1)
FNDA:0,(anonymous_2)
DA:3,1
DA:4,1
DA:5,1
DA:6,1
DA:7,1
DA:8,1
DA:9,1
DA:10,1
DA:11,1
DA:13,1
DA:14,0
DA:15,0
DA:16,0
DA:17,0
DA:18,0
DA:21,0
DA:22,0
DA:24,0
DA:25,0
DA:27,0
DA:40,0
DA:42,0
DA:46,1
DA:47,0
DA:49,0
DA:50,0
DA:51,0
DA:53,0
DA:54,0
DA:57,0
DA:61,0
DA:62,0
DA:66,0
DA:68,0
DA:69,0
DA:70,0
DA:73,0
DA:74,0
DA:75,0
DA:78,0
DA:83,0
DA:85,0
DA:88,0
DA:89,0
DA:91,0
DA:92,0
DA:93,0
DA:94,0
DA:110,0
DA:111,0
DA:112,0
DA:113,0
DA:114,0
DA:115,0
DA:120,0
DA:121,0
DA:125,0
DA:126,0
DA:127,0
DA:128,0
DA:129,0
DA:138,0
DA:139,0
DA:149,0
DA:150,0
DA:154,0
DA:156,0
LF:67
LH:11
BRDA:17,0,0,0
BRDA:21,1,0,0
BRDA:21,2,0,0
BRDA:21,2,1,0
BRDA:50,3,0,0
BRDA:50,3,1,0
BRDA:51,4,0,0
BRDA:51,4,1,0
BRDA:51,5,0,0
BRDA:51,5,1,0
BRDA:53,6,0,0
BRDA:61,7,0,0
BRDA:69,8,0,0
BRDA:69,9,0,0
BRDA:69,9,1,0
BRDA:74,10,0,0
BRDA:83,11,0,0
BRDA:89,12,0,0
BRDA:91,13,0,0
BRDA:91,13,1,0
BRDA:93,14,0,0
BRDA:114,15,0,0
BRDA:120,16,0,0
BRDA:126,17,0,0
BRF:24
BRH:0
end_of_record
TN:
SF:src\controllers\pwa.controller.ts
FN:11,(anonymous_0)
FN:152,(anonymous_1)
FN:388,(anonymous_2)
FN:495,(anonymous_3)
FNF:4
FNH:0
FNDA:0,(anonymous_0)
FNDA:0,(anonymous_1)
FNDA:0,(anonymous_2)
FNDA:0,(anonymous_3)
DA:2,1
DA:4,1
DA:6,1
DA:12,0
DA:13,0
DA:15,0
DA:135,0
DA:136,0
DA:137,0
DA:140,0
DA:141,0
DA:153,0
DA:154,0
DA:156,0
DA:370,0
DA:371,0
DA:372,0
DA:373,0
DA:376,0
DA:377,0
DA:389,0
DA:390,0
DA:392,0
DA:478,0
DA:479,0
DA:480,0
DA:483,0
DA:484,0
DA:496,0
DA:497,0
DA:499,0
DA:539,0
DA:545,0
DA:546,0
LF:34
LH:3
BRDA:13,0,0,0
BRDA:13,0,1,0
BRDA:154,1,0,0
BRDA:154,1,1,0
BRDA:390,2,0,0
BRDA:390,2,1,0
BRDA:497,3,0,0
BRDA:497,3,1,0
BRF:8
BRH:0
end_of_record
TN:
SF:src\controllers\referral.controller.ts
FN:4,(anonymous_0)
FNF:1
FNH:0
FNDA:0,(anonymous_0)
DA:2,1
DA:4,1
DA:5,0
DA:6,0
DA:7,0
DA:8,0
DA:9,0
DA:11,0
DA:12,0
DA:13,0
DA:14,0
DA:16,0
LF:12
LH:2
BRDA:8,0,0,0
BRF:1
BRH:0
end_of_record
TN:
SF:src\controllers\shipment.controller.ts
FN:12,(anonymous_1)
FNF:1
FNH:0
FNDA:0,(anonymous_1)
DA:2,1
DA:3,1
DA:5,1
DA:12,1
DA:13,0
DA:14,0
DA:15,0
DA:16,0
DA:18,0
DA:19,0
DA:20,0
DA:22,0
LF:12
LH:4
BRDA:15,0,0,0
BRF:1
BRH:0
end_of_record
TN:
SF:src\controllers\sync.controller.ts
FN:12,(anonymous_1)
FN:64,(anonymous_2)
FN:108,(anonymous_3)
FN:147,(anonymous_4)
FN:201,(anonymous_5)
FN:253,(anonymous_6)
FN:292,(anonymous_7)
FNF:7
FNH:0
FNDA:0,(anonymous_1)
FNDA:0,(anonymous_2)
FNDA:0,(anonymous_3)
FNDA:0,(anonymous_4)
FNDA:0,(anonymous_5)
FNDA:0,(anonymous_6)
FNDA:0,(anonymous_7)
DA:2,1
DA:3,1
DA:4,1
DA:5,1
DA:7,1
DA:13,0
DA:14,0
DA:20,0
DA:21,0
DA:27,0
DA:28,0
DA:31,0
DA:33,0
DA:34,0
DA:45,0
DA:52,0
DA:53,0
DA:65,0
DA:66,0
DA:70,0
DA:71,0
DA:77,0
DA:78,0
DA:81,0
DA:83,0
DA:96,0
DA:97,0
DA:109,0
DA:110,0
DA:111,0
DA:113,0
DA:114,0
DA:121,0
DA:123,0
DA:135,0
DA:136,0
DA:148,0
DA:149,0
DA:155,0
DA:156,0
DA:162,0
DA:163,0
DA:167,0
DA:169,0
DA:172,0
DA:175,0
DA:189,0
DA:190,0
DA:202,0
DA:203,0
DA:204,0
DA:205,0
DA:207,0
DA:208,0
DA:216,0
DA:226,0
DA:241,0
DA:242,0
DA:254,0
DA:255,0
DA:256,0
DA:258,0
DA:259,0
DA:267,0
DA:269,0
DA:280,0
DA:281,0
DA:293,0
DA:294,0
DA:298,0
DA:311,0
DA:321,0
DA:322,0
LF:73
LH:5
BRDA:20,0,0,0
BRDA:28,1,0,0
BRDA:28,1,1,0
BRDA:33,2,0,0
BRDA:33,2,1,0
BRDA:55,3,0,0
BRDA:55,3,1,0
BRDA:70,4,0,0
BRDA:78,5,0,0
BRDA:78,5,1,0
BRDA:99,6,0,0
BRDA:99,6,1,0
BRDA:111,7,0,0
BRDA:111,7,1,0
BRDA:113,8,0,0
BRDA:130,9,0,0
BRDA:130,9,1,0
BRDA:138,10,0,0
BRDA:138,10,1,0
BRDA:155,11,0,0
BRDA:163,12,0,0
BRDA:163,12,1,0
BRDA:167,13,0,0
BRDA:167,13,1,0
BRDA:167,14,0,0
BRDA:167,14,1,0
BRDA:192,15,0,0
BRDA:192,15,1,0
BRDA:204,16,0,0
BRDA:204,17,0,0
BRDA:205,18,0,0
BRDA:205,18,1,0
BRDA:207,19,0,0
BRDA:244,20,0,0
BRDA:244,20,1,0
BRDA:256,21,0,0
BRDA:256,21,1,0
BRDA:258,22,0,0
BRDA:283,23,0,0
BRDA:283,23,1,0
BRDA:294,24,0,0
BRDA:294,24,1,0
BRDA:324,25,0,0
BRDA:324,25,1,0
BRF:44
BRH:0
end_of_record
TN:
SF:src\middlewares\auth.middleware.ts
FN:8,(anonymous_1)
FNF:1
FNH:0
FNDA:0,(anonymous_1)
DA:2,1
DA:8,1
DA:9,0
DA:10,0
DA:11,0
DA:13,0
DA:14,0
DA:15,0
DA:16,0
DA:17,0
DA:19,0
LF:11
LH:2
BRDA:10,0,0,0
BRDA:10,1,0,0
BRDA:10,1,1,0
BRF:3
BRH:0
end_of_record
TN:
SF:src\middlewares\error.middleware.ts
FN:6,errorHandler
FNF:1
FNH:0
FNDA:0,errorHandler
DA:2,1
DA:4,1
DA:6,1
DA:7,0
DA:8,0
LF:5
LH:3
BRDA:8,0,0,0
BRDA:8,0,1,0
BRDA:10,1,0,0
BRDA:10,1,1,0
BRDA:11,2,0,0
BRDA:11,2,1,0
BRF:6
BRH:0
end_of_record
TN:
SF:src\middlewares\language.middleware.ts
FN:19,(anonymous_0)
FN:69,parseAcceptLanguage
FN:74,(anonymous_2)
FN:81,(anonymous_3)
FN:100,(anonymous_4)
FN:119,(anonymous_5)
FN:120,(anonymous_6)
FN:134,(anonymous_7)
FNF:8
FNH:0
FNDA:0,(anonymous_0)
FNDA:0,parseAcceptLanguage
FNDA:0,(anonymous_2)
FNDA:0,(anonymous_3)
FNDA:0,(anonymous_4)
FNDA:0,(anonymous_5)
FNDA:0,(anonymous_6)
FNDA:0,(anonymous_7)
DA:2,1
DA:19,1
DA:20,0
DA:27,0
DA:28,0
DA:31,0
DA:32,0
DA:33,0
DA:34,0
DA:38,0
DA:39,0
DA:40,0
DA:41,0
DA:42,0
DA:47,0
DA:48,0
DA:51,0
DA:52,0
DA:54,0
DA:57,0
DA:58,0
DA:59,0
DA:70,0
DA:72,0
DA:75,0
DA:76,0
DA:81,0
DA:84,0
DA:85,0
DA:86,0
DA:90,0
DA:92,0
DA:100,1
DA:101,0
DA:103,0
DA:104,0
DA:112,0
DA:119,1
DA:120,0
DA:121,0
DA:122,0
DA:123,0
DA:124,0
DA:126,0
DA:134,1
DA:136,0
DA:137,0
DA:138,0
DA:140,0
LF:49
LH:5
BRDA:27,0,0,0
BRDA:27,0,1,0
BRDA:31,1,0,0
BRDA:31,1,1,0
BRDA:31,2,0,0
BRDA:31,2,1,0
BRDA:33,3,0,0
BRDA:38,4,0,0
BRDA:41,5,0,0
BRDA:57,6,0,0
BRDA:57,6,1,0
BRDA:58,7,0,0
BRDA:58,7,1,0
BRDA:78,8,0,0
BRDA:78,8,1,0
BRDA:85,9,0,0
BRDA:101,10,0,0
BRDA:101,10,1,0
BRDA:103,11,0,0
BRDA:103,12,0,0
BRDA:103,12,1,0
BRDA:121,13,0,0
BRF:22
BRH:0
end_of_record
TN:
SF:src\middlewares\rateLimit.middleware.ts
FNF:0
FNH:0
DA:1,1
DA:4,1
DA:16,1
DA:28,1
LF:4
LH:4
BRDA:5,0,0,1
BRDA:5,0,1,1
BRDA:6,1,0,1
BRDA:6,1,1,1
BRF:4
BRH:4
end_of_record
TN:
SF:src\middlewares\rbac.middleware.ts
FN:4,(anonymous_0)
FN:5,(anonymous_1)
FNF:2
FNH:1
FNDA:60,(anonymous_0)
FNDA:0,(anonymous_1)
DA:4,1
DA:5,60
DA:6,0
DA:7,0
DA:9,0
LF:5
LH:2
BRDA:6,0,0,0
BRDA:6,1,0,0
BRDA:6,1,1,0
BRF:3
BRH:0
end_of_record
TN:
SF:src\middlewares\sanitize.middleware.ts
FN:3,isPlainObject
FN:7,sanitizeInPlace
FN:28,sanitizeRequest
FNF:3
FNH:3
FNDA:4,isPlainObject
FNDA:2,sanitizeInPlace
FNDA:1,sanitizeRequest
DA:4,4
DA:8,2
DA:9,0
DA:10,0
DA:12,0
DA:14,2
DA:15,2
DA:17,0
DA:18,0
DA:19,0
DA:21,0
DA:23,2
DA:25,0
DA:28,1
DA:29,1
DA:30,0
DA:33,1
DA:34,1
DA:36,1
DA:37,1
DA:39,1
LF:21
LH:12
BRDA:8,0,0,0
BRDA:14,1,0,2
BRDA:17,2,0,0
BRDA:17,3,0,0
BRDA:17,3,1,0
BRDA:29,4,0,0
BRDA:29,5,0,1
BRDA:29,5,1,0
BRDA:29,5,2,0
BRDA:33,6,0,1
BRDA:33,7,0,1
BRDA:33,7,1,1
BRDA:33,7,2,0
BRDA:36,8,0,1
BRDA:36,9,0,1
BRDA:36,9,1,1
BRDA:36,9,2,0
BRF:17
BRH:8
end_of_record
TN:
SF:src\middlewares\validation.middleware.ts
FN:4,(anonymous_0)
FN:5,(anonymous_1)
FN:11,(anonymous_2)
FN:19,(anonymous_3)
FN:20,(anonymous_4)
FN:26,(anonymous_5)
FN:34,(anonymous_6)
FN:35,(anonymous_7)
FN:41,(anonymous_8)
FNF:9
FNH:2
FNDA:15,(anonymous_0)
FNDA:0,(anonymous_1)
FNDA:0,(anonymous_2)
FNDA:0,(anonymous_3)
FNDA:0,(anonymous_4)
FNDA:0,(anonymous_5)
FNDA:1,(anonymous_6)
FNDA:0,(anonymous_7)
FNDA:0,(anonymous_8)
DA:4,1
DA:5,15
DA:6,0
DA:7,0
DA:8,0
DA:11,0
DA:14,0
DA:15,0
DA:19,1
DA:20,0
DA:21,0
DA:22,0
DA:23,0
DA:26,0
DA:29,0
DA:30,0
DA:34,1
DA:35,1
DA:36,0
DA:37,0
DA:38,0
DA:41,0
DA:44,0
DA:45,0
LF:24
LH:5
BRDA:7,0,0,0
BRDA:22,1,0,0
BRDA:37,2,0,0
BRF:3
BRH:0
end_of_record
TN:
SF:src\models\creditScore.model.ts
FNF:0
FNH:0
DA:1,1
DA:16,1
DA:25,1
DA:34,1
LF:4
LH:4
BRF:0
BRH:0
end_of_record
TN:
SF:src\models\cropAnalysis.model.ts
FN:194,(anonymous_9)
FN:195,(anonymous_10)
FN:196,(anonymous_11)
FN:205,(anonymous_12)
FN:210,(anonymous_13)
FN:212,(anonymous_14)
FN:219,(anonymous_15)
FN:223,(anonymous_16)
FN:227,(anonymous_17)
FN:231,(anonymous_18)
FN:238,(anonymous_19)
FN:248,(anonymous_20)
FN:261,(anonymous_21)
FNF:13
FNH:0
FNDA:0,(anonymous_9)
FNDA:0,(anonymous_10)
FNDA:0,(anonymous_11)
FNDA:0,(anonymous_12)
FNDA:0,(anonymous_13)
FNDA:0,(anonymous_14)
FNDA:0,(anonymous_15)
FNDA:0,(anonymous_16)
FNDA:0,(anonymous_17)
FNDA:0,(anonymous_18)
FNDA:0,(anonymous_19)
FNDA:0,(anonymous_20)
FNDA:0,(anonymous_21)
DA:1,1
DA:70,1
DA:187,1
DA:188,1
DA:189,1
DA:190,1
DA:191,1
DA:194,1
DA:195,0
DA:196,0
DA:198,0
DA:199,0
DA:200,0
DA:201,0
DA:205,1
DA:206,0
DA:210,1
DA:211,0
DA:212,0
DA:213,0
DA:215,0
DA:219,1
DA:220,0
DA:223,1
DA:224,0
DA:227,1
DA:228,0
DA:231,1
DA:232,0
DA:238,1
DA:239,0
DA:248,1
DA:249,0
DA:258,0
DA:261,1
DA:262,0
DA:263,0
DA:266,1
DA:267,1
LF:39
LH:19
BRDA:198,0,0,0
BRDA:199,1,0,0
BRDA:200,2,0,0
BRDA:200,3,0,0
BRDA:200,3,1,0
BRDA:206,4,0,0
BRDA:206,4,1,0
BRDA:206,4,2,0
BRDA:211,5,0,0
BRDA:231,6,0,0
BRF:10
BRH:0
end_of_record
TN:
SF:src\models\harvest.model.ts
FNF:0
FNH:0
DA:1,1
DA:25,1
DA:41,1
DA:44,1
DA:45,1
DA:46,1
LF:6
LH:6
BRF:0
BRH:0
end_of_record
TN:
SF:src\models\iotSensor.model.ts
FN:145,(anonymous_9)
FN:150,(anonymous_10)
FN:166,(anonymous_11)
FN:173,(anonymous_12)
FN:181,(anonymous_13)
FN:188,(anonymous_14)
FN:192,(anonymous_15)
FN:196,(anonymous_16)
FN:208,(anonymous_17)
FN:225,(anonymous_18)
FN:237,(anonymous_19)
FNF:11
FNH:0
FNDA:0,(anonymous_9)
FNDA:0,(anonymous_10)
FNDA:0,(anonymous_11)
FNDA:0,(anonymous_12)
FNDA:0,(anonymous_13)
FNDA:0,(anonymous_14)
FNDA:0,(anonymous_15)
FNDA:0,(anonymous_16)
FNDA:0,(anonymous_17)
FNDA:0,(anonymous_18)
FNDA:0,(anonymous_19)
DA:1,1
DA:46,1
DA:139,1
DA:140,1
DA:141,1
DA:142,1
DA:145,1
DA:146,0
DA:150,1
DA:151,0
DA:154,0
DA:155,0
DA:158,0
DA:159,0
DA:162,0
DA:163,0
DA:166,0
DA:167,0
DA:169,0
DA:173,1
DA:174,0
DA:175,0
DA:177,0
DA:181,1
DA:182,0
DA:188,1
DA:189,0
DA:192,1
DA:193,0
DA:196,1
DA:197,0
DA:208,1
DA:209,0
DA:218,0
DA:219,0
DA:222,0
DA:225,1
DA:226,0
DA:234,0
DA:237,1
DA:238,0
DA:239,0
DA:241,0
DA:244,1
DA:245,1
LF:45
LH:18
BRDA:146,0,0,0
BRDA:146,0,1,0
BRDA:154,1,0,0
BRDA:154,1,1,0
BRDA:155,2,0,0
BRDA:158,3,0,0
BRDA:158,3,1,0
BRDA:159,4,0,0
BRDA:162,5,0,0
BRDA:162,5,1,0
BRDA:163,6,0,0
BRDA:174,7,0,0
BRDA:181,8,0,0
BRDA:208,9,0,0
BRDA:218,10,0,0
BRDA:238,11,0,0
BRF:16
BRH:0
end_of_record
TN:
SF:src\models\listing.model.ts
FNF:0
FNH:0
DA:1,1
DA:15,1
DA:28,1
DA:31,1
DA:32,1
DA:33,1
LF:6
LH:6
BRF:0
BRH:0
end_of_record
TN:
SF:src\models\loanReferral.model.ts
FNF:0
FNH:0
DA:1,1
DA:12,1
DA:22,1
LF:3
LH:3
BRF:0
BRH:0
end_of_record
TN:
SF:src\models\notification.model.ts
FNF:0
FNH:0
DA:1,1
DA:15,1
DA:28,1
LF:3
LH:3
BRF:0
BRH:0
end_of_record
TN:
SF:src\models\order.model.ts
FNF:0
FNH:0
DA:1,1
DA:19,1
DA:28,1
DA:39,1
DA:42,1
DA:43,1
LF:6
LH:6
BRF:0
BRH:0
end_of_record
TN:
SF:src\models\partner.model.ts
FN:3,(anonymous_9)
FNF:1
FNH:1
FNDA:1,(anonymous_9)
DA:1,1
DA:3,1
DA:4,1
DA:5,1
DA:6,1
DA:7,1
DA:8,1
DA:23,1
DA:36,1
LF:9
LH:9
BRDA:3,0,0,1
BRDA:3,0,1,1
BRF:2
BRH:2
end_of_record
TN:
SF:src\models\referral.model.ts
FN:32,(anonymous_9)
FN:40,(anonymous_10)
FNF:2
FNH:0
FNDA:0,(anonymous_9)
FNDA:0,(anonymous_10)
DA:1,1
DA:16,1
DA:32,1
DA:33,0
DA:34,0
DA:36,0
DA:40,1
DA:41,0
DA:42,0
DA:43,0
DA:44,0
DA:47,0
DA:49,0
DA:52,0
DA:53,0
DA:58,0
DA:61,1
DA:64,1
DA:65,1
LF:19
LH:7
BRDA:33,0,0,0
BRDA:33,1,0,0
BRDA:33,1,1,0
BRF:3
BRH:0
end_of_record
TN:
SF:src\models\shipment.model.ts
FNF:0
FNH:0
DA:1,1
DA:12,1
DA:22,1
LF:3
LH:3
BRF:0
BRH:0
end_of_record
TN:
SF:src\models\transaction.model.ts
FN:3,(anonymous_9)
FN:11,(anonymous_10)
FN:72,(anonymous_11)
FN:80,(anonymous_12)
FN:104,(anonymous_13)
FNF:5
FNH:2
FNDA:1,(anonymous_9)
FNDA:1,(anonymous_10)
FNDA:0,(anonymous_11)
FNDA:0,(anonymous_12)
FNDA:0,(anonymous_13)
DA:1,1
DA:3,1
DA:4,1
DA:5,1
DA:6,1
DA:7,1
DA:8,1
DA:11,1
DA:12,1
DA:13,1
DA:14,1
DA:15,1
DA:37,1
DA:66,1
DA:67,1
DA:69,1
DA:72,1
DA:73,0
DA:74,0
DA:76,0
DA:80,1
DA:90,0
DA:104,1
DA:112,0
DA:125,1
LF:25
LH:20
BRDA:3,0,0,1
BRDA:3,0,1,1
BRDA:11,1,0,1
BRDA:11,1,1,1
BRDA:73,2,0,0
BRDA:73,3,0,0
BRDA:73,3,1,0
BRDA:73,3,2,0
BRDA:99,4,0,0
BRDA:99,4,1,0
BRDA:121,5,0,0
BRDA:121,5,1,0
BRF:12
BRH:4
end_of_record
TN:
SF:src\models\user.model.ts
FN:4,(anonymous_10)
FN:97,(anonymous_11)
FN:114,(anonymous_12)
FNF:3
FNH:1
FNDA:1,(anonymous_10)
FNDA:0,(anonymous_11)
FNDA:0,(anonymous_12)
DA:1,1
DA:2,1
DA:4,1
DA:5,1
DA:6,1
DA:7,1
DA:8,1
DA:9,1
DA:25,1
DA:62,1
DA:97,1
DA:98,0
DA:99,0
DA:102,0
DA:104,0
DA:105,0
DA:106,0
DA:109,0
DA:110,0
DA:111,0
DA:114,1
DA:115,0
DA:118,1
LF:23
LH:13
BRDA:4,0,0,1
BRDA:4,0,1,1
BRDA:98,1,0,0
BRDA:105,2,0,0
BRF:4
BRH:2
end_of_record
TN:
SF:src\routes\advancedML.routes.ts
FNF:0
FNH:0
DA:1,1
DA:2,1
DA:3,1
DA:4,1
DA:5,1
DA:7,1
DA:10,1
DA:11,1
DA:14,1
DA:15,1
DA:18,1
DA:19,1
DA:20,1
DA:21,1
DA:24,1
DA:25,1
DA:26,1
DA:29,1
DA:31,1
LF:19
LH:19
BRF:0
BRH:0
end_of_record
TN:
SF:src\routes\ai.routes.ts
FNF:0
FNH:0
DA:1,1
DA:2,1
DA:3,1
DA:4,1
DA:5,1
DA:7,1
DA:10,1
DA:11,1
DA:14,1
DA:21,1
DA:28,1
DA:35,1
DA:42,1
DA:49,1
DA:56,1
DA:63,1
DA:70,1
DA:77,1
DA:84,1
DA:90,1
LF:20
LH:20
BRF:0
BRH:0
end_of_record
TN:
SF:src\routes\analytics.routes.ts
FNF:0
FNH:0
DA:1,1
DA:2,1
DA:4,1
DA:6,1
DA:7,1
DA:9,1
LF:6
LH:6
BRF:0
BRH:0
end_of_record
TN:
SF:src\routes\auth.routes.ts
FN:53,(anonymous_1)
FNF:1
FNH:0
FNDA:0,(anonymous_1)
DA:1,1
DA:2,1
DA:3,1
DA:4,1
DA:5,1
DA:8,1
DA:11,1
DA:19,1
DA:24,1
DA:28,1
DA:32,1
DA:36,1
DA:41,1
DA:42,1
DA:43,1
DA:44,1
DA:45,1
DA:46,1
DA:49,1
DA:50,1
DA:53,1
DA:54,0
DA:57,1
LF:23
LH:22
BRF:0
BRH:0
end_of_record
TN:
SF:src\routes\commission.routes.ts
FNF:0
FNH:0
DA:1,1
DA:2,1
DA:3,1
DA:4,1
DA:6,1
DA:9,1
DA:12,1
DA:15,1
DA:18,1
DA:19,1
DA:21,1
LF:11
LH:11
BRF:0
BRH:0
end_of_record
TN:
SF:src\routes\fintech.routes.ts
FNF:0
FNH:0
DA:1,1
DA:2,1
DA:3,1
DA:4,1
DA:5,1
DA:6,1
DA:8,1
DA:11,1
DA:19,1
DA:27,1
LF:10
LH:10
BRF:0
BRH:0
end_of_record
TN:
SF:src\routes\harvest.routes.ts
FNF:0
FNH:0
DA:1,1
DA:2,1
DA:3,1
DA:4,1
DA:5,1
DA:7,1
DA:9,1
DA:29,1
DA:45,1
DA:47,1
DA:50,1
DA:52,1
LF:12
LH:12
BRF:0
BRH:0
end_of_record
TN:
SF:src\routes\imageRecognition.routes.ts
FNF:0
FNH:0
DA:1,1
DA:2,1
DA:3,1
DA:4,1
DA:5,1
DA:7,1
DA:10,1
DA:11,1
DA:14,1
DA:15,1
DA:16,1
DA:17,1
DA:18,1
DA:21,1
DA:22,1
DA:23,1
DA:25,1
LF:17
LH:17
BRF:0
BRH:0
end_of_record
TN:
SF:src\routes\iot.routes.ts
FNF:0
FNH:0
DA:1,1
DA:2,1
DA:3,1
DA:4,1
DA:5,1
DA:7,1
DA:10,1
DA:11,1
DA:14,1
DA:15,1
DA:16,1
DA:17,1
DA:18,1
DA:19,1
DA:20,1
DA:21,1
DA:22,1
DA:25,1
DA:26,1
DA:29,1
DA:31,1
LF:21
LH:21
BRF:0
BRH:0
end_of_record
TN:
SF:src\routes\language.routes.ts
FNF:0
FNH:0
DA:1,1
DA:2,1
DA:3,1
DA:5,1
DA:8,1
DA:9,1
DA:12,1
DA:15,1
DA:18,1
DA:21,1
DA:24,1
DA:27,1
DA:29,1
LF:13
LH:13
BRF:0
BRH:0
end_of_record
TN:
SF:src\routes\marketplace.routes.ts
FN:63,(anonymous_1)
FN:66,(anonymous_2)
FNF:2
FNH:0
FNDA:0,(anonymous_1)
FNDA:0,(anonymous_2)
DA:1,1
DA:2,1
DA:3,1
DA:4,1
DA:5,1
DA:6,1
DA:7,1
DA:8,1
DA:9,1
DA:11,1
DA:13,1
DA:14,1
DA:15,1
DA:31,1
DA:45,1
DA:54,1
DA:61,1
DA:63,1
DA:65,0
DA:66,0
DA:67,0
DA:70,1
LF:22
LH:19
BRF:0
BRH:0
end_of_record
TN:
SF:src\routes\notification.routes.ts
FN:17,(anonymous_0)
FN:53,(anonymous_1)
FN:66,(anonymous_2)
FN:67,(anonymous_3)
FN:85,(anonymous_4)
FN:104,(anonymous_5)
FN:141,(anonymous_6)
FN:170,(anonymous_7)
FN:206,(anonymous_8)
FN:242,(anonymous_9)
FNF:10
FNH:0
FNDA:0,(anonymous_0)
FNDA:0,(anonymous_1)
FNDA:0,(anonymous_2)
FNDA:0,(anonymous_3)
FNDA:0,(anonymous_4)
FNDA:0,(anonymous_5)
FNDA:0,(anonymous_6)
FNDA:0,(anonymous_7)
FNDA:0,(anonymous_8)
FNDA:0,(anonymous_9)
DA:1,1
DA:2,1
DA:11,1
DA:12,1
DA:14,1
DA:17,1
DA:18,0
DA:19,0
DA:21,0
DA:22,0
DA:28,0
DA:30,0
DA:31,0
DA:37,0
DA:44,0
DA:53,1
DA:54,0
DA:55,0
DA:57,0
DA:58,0
DA:64,0
DA:66,0
DA:67,0
DA:69,0
DA:76,0
DA:85,1
DA:86,0
DA:87,0
DA:88,0
DA:90,0
DA:95,0
DA:104,1
DA:105,0
DA:106,0
DA:107,0
DA:109,0
DA:110,0
DA:116,0
DA:118,0
DA:119,0
DA:125,0
DA:132,0
DA:141,1
DA:142,0
DA:143,0
DA:144,0
DA:146,0
DA:147,0
DA:153,0
DA:154,0
DA:156,0
DA:161,0
DA:170,1
DA:171,0
DA:172,0
DA:174,0
DA:175,0
DA:181,0
DA:183,0
DA:184,0
DA:190,0
DA:197,0
DA:206,1
DA:207,0
DA:208,0
DA:210,0
DA:211,0
DA:217,0
DA:219,0
DA:220,0
DA:226,0
DA:233,0
DA:242,1
DA:243,0
DA:244,0
DA:246,0
DA:247,0
DA:253,0
DA:255,0
DA:256,0
DA:262,0
DA:269,0
DA:277,1
LF:83
LH:14
BRDA:21,0,0,0
BRDA:21,1,0,0
BRDA:21,1,1,0
BRDA:21,1,2,0
BRDA:30,2,0,0
BRDA:30,2,1,0
BRDA:47,3,0,0
BRDA:47,3,1,0
BRDA:57,4,0,0
BRDA:57,5,0,0
BRDA:57,5,1,0
BRDA:57,5,2,0
BRDA:57,5,3,0
BRDA:79,6,0,0
BRDA:79,6,1,0
BRDA:98,7,0,0
BRDA:98,7,1,0
BRDA:109,8,0,0
BRDA:109,9,0,0
BRDA:109,9,1,0
BRDA:118,10,0,0
BRDA:118,10,1,0
BRDA:135,11,0,0
BRDA:135,11,1,0
BRDA:146,12,0,0
BRDA:164,13,0,0
BRDA:164,13,1,0
BRDA:174,14,0,0
BRDA:174,15,0,0
BRDA:174,15,1,0
BRDA:174,15,2,0
BRDA:183,16,0,0
BRDA:183,16,1,0
BRDA:200,17,0,0
BRDA:200,17,1,0
BRDA:210,18,0,0
BRDA:210,19,0,0
BRDA:210,19,1,0
BRDA:210,19,2,0
BRDA:210,19,3,0
BRDA:219,20,0,0
BRDA:219,20,1,0
BRDA:236,21,0,0
BRDA:236,21,1,0
BRDA:246,22,0,0
BRDA:246,23,0,0
BRDA:246,23,1,0
BRDA:246,23,2,0
BRDA:255,24,0,0
BRDA:255,24,1,0
BRDA:272,25,0,0
BRDA:272,25,1,0
BRF:52
BRH:0
end_of_record
TN:
SF:src\routes\partner.routes.ts
FN:14,(anonymous_1)
FNF:1
FNH:0
FNDA:0,(anonymous_1)
DA:1,1
DA:2,1
DA:3,1
DA:4,1
DA:5,1
DA:6,1
DA:7,1
DA:9,1
DA:12,1
DA:15,0
DA:16,0
DA:18,0
DA:26,1
DA:45,1
DA:52,1
DA:54,1
LF:16
LH:13
BRDA:15,0,0,0
BRDA:15,0,1,0
BRDA:15,1,0,0
BRDA:15,1,1,0
BRF:4
BRH:0
end_of_record
TN:
SF:src\routes\payment.routes.ts
FNF:0
FNH:0
DA:1,1
DA:2,1
DA:3,1
DA:4,1
DA:5,1
DA:6,1
DA:8,1
DA:11,1
DA:18,1
DA:20,1
LF:10
LH:10
BRF:0
BRH:0
end_of_record
TN:
SF:src\routes\pwa.routes.ts
FNF:0
FNH:0
DA:1,1
DA:2,1
DA:3,1
DA:5,1
DA:8,1
DA:9,1
DA:12,1
DA:15,1
DA:18,1
DA:21,1
DA:23,1
LF:11
LH:11
BRF:0
BRH:0
end_of_record
TN:
SF:src\routes\referral.routes.ts
FNF:0
FNH:0
DA:1,1
DA:2,1
DA:3,1
DA:4,1
DA:6,1
DA:9,1
DA:16,1
LF:7
LH:7
BRF:0
BRH:0
end_of_record
TN:
SF:src\routes\shipment.routes.ts
FNF:0
FNH:0
DA:1,1
DA:2,1
DA:3,1
DA:4,1
DA:6,1
DA:8,1
DA:10,1
LF:7
LH:7
BRF:0
BRH:0
end_of_record
TN:
SF:src\routes\sync.routes.ts
FNF:0
FNH:0
DA:1,1
DA:2,1
DA:3,1
DA:4,1
DA:6,1
DA:9,1
DA:10,1
DA:13,1
DA:16,1
DA:19,1
DA:22,1
DA:25,1
DA:28,1
DA:31,1
DA:33,1
LF:15
LH:15
BRF:0
BRH:0
end_of_record
TN:
SF:src\routes\verify.routes.ts
FNF:0
FNH:0
DA:1,1
DA:2,1
DA:4,1
DA:8,1
DA:10,1
LF:5
LH:5
BRF:0
BRH:0
end_of_record
TN:
SF:src\services\advancedML.service.ts
FN:42,(anonymous_0)
FN:56,(anonymous_1)
FN:81,(anonymous_2)
FN:98,(anonymous_3)
FN:120,(anonymous_4)
FN:136,(anonymous_5)
FN:173,(anonymous_6)
FN:202,(anonymous_7)
FN:231,(anonymous_8)
FN:236,(anonymous_9)
FN:256,(anonymous_10)
FN:259,(anonymous_11)
FN:260,(anonymous_12)
FN:261,(anonymous_13)
FN:267,(anonymous_14)
FN:294,(anonymous_15)
FN:321,(anonymous_16)
FNF:17
FNH:0
FNDA:0,(anonymous_0)
FNDA:0,(anonymous_1)
FNDA:0,(anonymous_2)
FNDA:0,(anonymous_3)
FNDA:0,(anonymous_4)
FNDA:0,(anonymous_5)
FNDA:0,(anonymous_6)
FNDA:0,(anonymous_7)
FNDA:0,(anonymous_8)
FNDA:0,(anonymous_9)
FNDA:0,(anonymous_10)
FNDA:0,(anonymous_11)
FNDA:0,(anonymous_12)
FNDA:0,(anonymous_13)
FNDA:0,(anonymous_14)
FNDA:0,(anonymous_15)
FNDA:0,(anonymous_16)
DA:1,1
DA:2,1
DA:3,1
DA:4,1
DA:5,1
DA:40,1
DA:43,0
DA:44,0
DA:45,0
DA:47,0
DA:48,0
DA:50,0
DA:51,0
DA:57,0
DA:58,0
DA:59,0
DA:61,0
DA:62,0
DA:64,0
DA:67,0
DA:68,0
DA:69,0
DA:71,0
DA:73,0
DA:75,0
DA:76,0
DA:82,0
DA:83,0
DA:88,0
DA:90,0
DA:91,0
DA:93,0
DA:94,0
DA:99,0
DA:100,0
DA:105,0
DA:110,0
DA:112,0
DA:113,0
DA:115,0
DA:116,0
DA:121,0
DA:122,0
DA:123,0
DA:125,0
DA:127,0
DA:128,0
DA:130,0
DA:131,0
DA:137,0
DA:138,0
DA:139,0
DA:140,0
DA:141,0
DA:142,0
DA:144,0
DA:145,0
DA:146,0
DA:147,0
DA:148,0
DA:149,0
DA:150,0
DA:153,0
DA:154,0
DA:155,0
DA:156,0
DA:157,0
DA:158,0
DA:159,0
DA:162,0
DA:174,0
DA:176,0
DA:177,0
DA:178,0
DA:179,0
DA:181,0
DA:182,0
DA:184,0
DA:185,0
DA:199,0
DA:203,0
DA:205,0
DA:206,0
DA:207,0
DA:208,0
DA:210,0
DA:211,0
DA:213,0
DA:214,0
DA:228,0
DA:232,0
DA:234,0
DA:236,0
DA:237,0
DA:239,0
DA:240,0
DA:253,0
DA:257,0
DA:258,0
DA:259,0
DA:260,0
DA:261,0
DA:263,0
DA:264,0
DA:268,0
DA:269,0
DA:270,0
DA:272,0
DA:273,0
DA:274,0
DA:277,0
DA:278,0
DA:279,0
DA:280,0
DA:282,0
DA:295,0
DA:296,0
DA:297,0
DA:299,0
DA:300,0
DA:301,0
DA:304,0
DA:305,0
DA:306,0
DA:307,0
DA:309,0
DA:322,0
DA:323,0
DA:324,0
DA:326,0
DA:327,0
DA:328,0
DA:331,0
DA:332,0
DA:333,0
DA:334,0
DA:336,0
LF:137
LH:6
BRDA:45,0,0,0
BRDA:56,1,0,0
BRDA:59,2,0,0
BRDA:64,3,0,0
BRDA:88,4,0,0
BRDA:110,5,0,0
BRDA:110,6,0,0
BRDA:110,6,1,0
BRDA:125,7,0,0
BRDA:144,8,0,0
BRDA:153,9,0,0
BRDA:157,10,0,0
BRDA:157,10,1,0
BRDA:184,11,0,0
BRDA:184,12,0,0
BRDA:184,12,1,0
BRDA:189,13,0,0
BRDA:189,13,1,0
BRDA:213,14,0,0
BRDA:213,15,0,0
BRDA:213,15,1,0
BRDA:218,16,0,0
BRDA:218,16,1,0
BRDA:234,17,0,0
BRDA:239,18,0,0
BRDA:244,19,0,0
BRDA:244,19,1,0
BRDA:245,20,0,0
BRDA:245,20,1,0
BRDA:272,21,0,0
BRDA:299,22,0,0
BRDA:326,23,0,0
BRF:32
BRH:0
end_of_record
TN:
SF:src\services\aiRecommendation.service.ts
FN:37,(anonymous_0)
FN:89,(anonymous_1)
FN:93,(anonymous_2)
FN:133,(anonymous_3)
FN:141,(anonymous_4)
FN:161,(anonymous_5)
FN:162,(anonymous_6)
FN:169,(anonymous_7)
FN:170,(anonymous_8)
FN:245,(anonymous_9)
FN:258,(anonymous_10)
FN:259,(anonymous_11)
FN:263,(anonymous_12)
FN:264,(anonymous_13)
FN:275,(anonymous_14)
FN:308,(anonymous_15)
FN:318,(anonymous_16)
FN:319,(anonymous_17)
FN:334,(anonymous_18)
FN:353,(anonymous_19)
FN:361,(anonymous_20)
FN:374,(anonymous_21)
FN:378,(anonymous_22)
FN:393,(anonymous_23)
FN:394,(anonymous_24)
FN:403,(anonymous_25)
FN:408,(anonymous_26)
FN:412,(anonymous_27)
FN:413,(anonymous_28)
FN:423,(anonymous_29)
FN:430,(anonymous_30)
FN:431,(anonymous_31)
FN:454,(anonymous_32)
FN:461,(anonymous_33)
FN:467,(anonymous_34)
FNF:35
FNH:0
FNDA:0,(anonymous_0)
FNDA:0,(anonymous_1)
FNDA:0,(anonymous_2)
FNDA:0,(anonymous_3)
FNDA:0,(anonymous_4)
FNDA:0,(anonymous_5)
FNDA:0,(anonymous_6)
FNDA:0,(anonymous_7)
FNDA:0,(anonymous_8)
FNDA:0,(anonymous_9)
FNDA:0,(anonymous_10)
FNDA:0,(anonymous_11)
FNDA:0,(anonymous_12)
FNDA:0,(anonymous_13)
FNDA:0,(anonymous_14)
FNDA:0,(anonymous_15)
FNDA:0,(anonymous_16)
FNDA:0,(anonymous_17)
FNDA:0,(anonymous_18)
FNDA:0,(anonymous_19)
FNDA:0,(anonymous_20)
FNDA:0,(anonymous_21)
FNDA:0,(anonymous_22)
FNDA:0,(anonymous_23)
FNDA:0,(anonymous_24)
FNDA:0,(anonymous_25)
FNDA:0,(anonymous_26)
FNDA:0,(anonymous_27)
FNDA:0,(anonymous_28)
FNDA:0,(anonymous_29)
FNDA:0,(anonymous_30)
FNDA:0,(anonymous_31)
FNDA:0,(anonymous_32)
FNDA:0,(anonymous_33)
FNDA:0,(anonymous_34)
DA:1,1
DA:2,1
DA:3,1
DA:4,1
DA:5,1
DA:35,1
DA:42,0
DA:44,0
DA:45,0
DA:48,0
DA:51,0
DA:54,0
DA:57,0
DA:69,0
DA:70,0
DA:71,0
DA:74,0
DA:75,0
DA:76,0
DA:77,0
DA:78,0
DA:79,0
DA:83,0
DA:84,0
DA:85,0
DA:89,0
DA:90,0
DA:92,0
DA:93,0
DA:94,0
DA:95,0
DA:96,0
DA:101,0
DA:102,0
DA:103,0
DA:104,0
DA:106,0
DA:107,0
DA:108,0
DA:109,0
DA:114,0
DA:117,0
DA:118,0
DA:120,0
DA:133,0
DA:135,0
DA:136,0
DA:147,0
DA:149,0
DA:154,0
DA:155,0
DA:156,0
DA:157,0
DA:159,0
DA:161,0
DA:162,0
DA:165,0
DA:166,0
DA:168,0
DA:169,0
DA:170,0
DA:172,0
DA:173,0
DA:174,0
DA:175,0
DA:176,0
DA:177,0
DA:178,0
DA:179,0
DA:181,0
DA:182,0
DA:183,0
DA:186,0
DA:187,0
DA:190,0
DA:193,0
DA:194,0
DA:195,0
DA:196,0
DA:200,0
DA:201,0
DA:202,0
DA:203,0
DA:204,0
DA:205,0
DA:206,0
DA:210,0
DA:211,0
DA:212,0
DA:213,0
DA:215,0
DA:216,0
DA:217,0
DA:218,0
DA:223,0
DA:224,0
DA:225,0
DA:226,0
DA:227,0
DA:228,0
DA:231,0
DA:239,0
DA:240,0
DA:246,0
DA:248,0
DA:252,0
DA:253,0
DA:254,0
DA:256,0
DA:258,0
DA:259,0
DA:262,0
DA:263,0
DA:264,0
DA:266,0
DA:267,0
DA:268,0
DA:269,0
DA:274,0
DA:275,0
DA:277,0
DA:278,0
DA:279,0
DA:280,0
DA:284,0
DA:288,0
DA:291,0
DA:293,0
DA:302,0
DA:303,0
DA:309,0
DA:310,0
DA:311,0
DA:313,0
DA:314,0
DA:316,0
DA:318,0
DA:319,0
DA:326,0
DA:328,0
DA:329,0
DA:335,0
DA:340,0
DA:343,0
DA:344,0
DA:347,0
DA:348,0
DA:350,0
DA:354,0
DA:358,0
DA:362,0
DA:368,0
DA:369,0
DA:370,0
DA:371,0
DA:375,0
DA:379,0
DA:390,0
DA:394,0
DA:395,0
DA:396,0
DA:397,0
DA:398,0
DA:399,0
DA:402,0
DA:403,0
DA:408,0
DA:413,0
DA:414,0
DA:415,0
DA:417,0
DA:418,0
DA:419,0
DA:420,0
DA:423,0
DA:431,0
DA:432,0
DA:433,0
DA:436,0
DA:437,0
DA:438,0
DA:439,0
DA:440,0
DA:441,0
DA:451,0
DA:455,0
DA:457,0
DA:458,0
DA:459,0
DA:461,0
DA:462,0
DA:463,0
DA:464,0
DA:467,0
DA:468,0
DA:469,0
DA:470,0
DA:474,0
LF:198
LH:6
BRDA:45,0,0,0
BRDA:74,1,0,0
BRDA:74,1,1,0
BRDA:74,2,0,0
BRDA:74,2,1,0
BRDA:77,3,0,0
BRDA:77,4,0,0
BRDA:77,4,1,0
BRDA:83,5,0,0
BRDA:92,6,0,0
BRDA:94,7,0,0
BRDA:101,8,0,0
BRDA:101,8,1,0
BRDA:102,9,0,0
BRDA:106,10,0,0
BRDA:107,11,0,0
BRDA:126,12,0,0
BRDA:126,12,1,0
BRDA:126,13,0,0
BRDA:126,13,1,0
BRDA:159,14,0,0
BRDA:159,14,1,0
BRDA:168,15,0,0
BRDA:168,15,1,0
BRDA:168,16,0,0
BRDA:168,16,1,0
BRDA:172,17,0,0
BRDA:172,17,1,0
BRDA:176,18,0,0
BRDA:176,18,1,0
BRDA:200,19,0,0
BRDA:200,19,1,0
BRDA:203,20,0,0
BRDA:210,21,0,0
BRDA:210,21,1,0
BRDA:211,22,0,0
BRDA:215,23,0,0
BRDA:216,24,0,0
BRDA:223,25,0,0
BRDA:223,25,1,0
BRDA:226,26,0,0
BRDA:256,27,0,0
BRDA:256,27,1,0
BRDA:262,28,0,0
BRDA:266,29,0,0
BRDA:266,29,1,0
BRDA:268,30,0,0
BRDA:277,31,0,0
BRDA:277,31,1,0
BRDA:279,32,0,0
BRDA:311,33,0,0
BRDA:319,34,0,0
BRDA:319,34,1,0
BRDA:340,35,0,0
BRDA:340,35,1,0
BRDA:343,36,0,0
BRDA:344,37,0,0
BRDA:347,38,0,0
BRDA:348,39,0,0
BRDA:358,40,0,0
BRDA:358,40,1,0
BRDA:368,41,0,0
BRDA:368,41,1,0
BRDA:369,42,0,0
BRDA:370,43,0,0
BRDA:390,44,0,0
BRDA:390,44,1,0
BRDA:396,45,0,0
BRDA:415,46,0,0
BRDA:415,46,1,0
BRDA:415,47,0,0
BRDA:415,47,1,0
BRDA:417,48,0,0
BRDA:432,49,0,0
BRDA:432,49,1,0
BRDA:438,50,0,0
BRDA:440,51,0,0
BRDA:440,52,0,0
BRDA:440,52,1,0
BRDA:457,53,0,0
BRDA:457,53,1,0
BRDA:462,54,0,0
BRDA:468,55,0,0
BRF:83
BRH:0
end_of_record
TN:
SF:src\services\commission.service.ts
FN:19,(anonymous_0)
FN:53,(anonymous_1)
FN:96,(anonymous_2)
FN:154,(anonymous_3)
FN:189,(anonymous_4)
FN:234,(anonymous_5)
FN:274,(anonymous_6)
FNF:7
FNH:0
FNDA:0,(anonymous_0)
FNDA:0,(anonymous_1)
FNDA:0,(anonymous_2)
FNDA:0,(anonymous_3)
FNDA:0,(anonymous_4)
FNDA:0,(anonymous_5)
FNDA:0,(anonymous_6)
DA:1,1
DA:2,1
DA:3,1
DA:4,1
DA:5,1
DA:17,1
DA:24,0
DA:26,0
DA:31,0
DA:32,0
DA:35,0
DA:37,0
DA:47,0
DA:48,0
DA:54,0
DA:55,0
DA:58,0
DA:59,0
DA:60,0
DA:63,0
DA:66,0
DA:67,0
DA:81,0
DA:82,0
DA:83,0
DA:84,0
DA:88,0
DA:90,0
DA:91,0
DA:97,0
DA:98,0
DA:100,0
DA:101,0
DA:104,0
DA:106,0
DA:107,0
DA:109,0
DA:110,0
DA:111,0
DA:113,0
DA:114,0
DA:117,0
DA:120,0
DA:141,0
DA:148,0
DA:149,0
DA:155,0
DA:156,0
DA:158,0
DA:168,0
DA:173,0
DA:183,0
DA:184,0
DA:190,0
DA:191,0
DA:192,0
DA:193,0
DA:197,0
DA:198,0
DA:210,0
DA:211,0
DA:214,0
DA:220,0
DA:221,0
DA:222,0
DA:226,0
DA:228,0
DA:229,0
DA:240,0
DA:241,0
DA:242,0
DA:244,0
DA:245,0
DA:246,0
DA:248,0
DA:256,0
DA:258,0
DA:268,0
DA:269,0
DA:280,0
DA:281,0
DA:282,0
DA:283,0
DA:286,0
DA:287,0
DA:291,0
DA:292,0
DA:293,0
DA:299,0
DA:302,0
DA:303,0
DA:304,0
DA:305,0
DA:309,0
DA:310,0
DA:311,0
DA:315,0
DA:317,0
DA:318,0
LF:99
LH:6
BRDA:31,0,0,0
BRDA:59,1,0,0
BRDA:83,2,0,0
BRDA:100,3,0,0
BRDA:104,4,0,0
BRDA:104,4,1,0
BRDA:104,4,2,0
BRDA:141,5,0,0
BRDA:141,5,1,0
BRDA:154,6,0,0
BRDA:154,7,0,0
BRDA:192,8,0,0
BRDA:192,9,0,0
BRDA:192,9,1,0
BRDA:221,10,0,0
BRDA:241,11,0,0
BRDA:241,12,0,0
BRDA:245,13,0,0
BRDA:246,14,0,0
BRDA:282,15,0,0
BRDA:282,16,0,0
BRDA:282,16,1,0
BRDA:286,17,0,0
BRDA:302,18,0,0
BRDA:302,18,1,0
BRDA:303,19,0,0
BRDA:304,20,0,0
BRDA:304,20,1,0
BRDA:310,21,0,0
BRF:29
BRH:0
end_of_record
TN:
SF:src\services\imageRecognition.service.ts
FN:58,(anonymous_0)
FN:87,(anonymous_1)
FN:117,(anonymous_2)
FN:154,(anonymous_3)
FN:187,(anonymous_4)
FN:209,(anonymous_5)
FN:239,(anonymous_6)
FN:266,(anonymous_7)
FN:284,(anonymous_8)
FN:292,(anonymous_9)
FN:300,(anonymous_10)
FN:308,(anonymous_11)
FN:316,(anonymous_12)
FN:324,(anonymous_13)
FN:334,(anonymous_14)
FN:339,(anonymous_15)
FN:344,(anonymous_16)
FN:349,(anonymous_17)
FN:356,(anonymous_18)
FN:367,(anonymous_19)
FN:385,(anonymous_20)
FN:395,(anonymous_21)
FNF:22
FNH:0
FNDA:0,(anonymous_0)
FNDA:0,(anonymous_1)
FNDA:0,(anonymous_2)
FNDA:0,(anonymous_3)
FNDA:0,(anonymous_4)
FNDA:0,(anonymous_5)
FNDA:0,(anonymous_6)
FNDA:0,(anonymous_7)
FNDA:0,(anonymous_8)
FNDA:0,(anonymous_9)
FNDA:0,(anonymous_10)
FNDA:0,(anonymous_11)
FNDA:0,(anonymous_12)
FNDA:0,(anonymous_13)
FNDA:0,(anonymous_14)
FNDA:0,(anonymous_15)
FNDA:0,(anonymous_16)
FNDA:0,(anonymous_17)
FNDA:0,(anonymous_18)
FNDA:0,(anonymous_19)
FNDA:0,(anonymous_20)
FNDA:0,(anonymous_21)
DA:2,1
DA:56,1
DA:63,0
DA:64,0
DA:66,0
DA:68,0
DA:70,0
DA:72,0
DA:74,0
DA:76,0
DA:78,0
DA:81,0
DA:82,0
DA:88,0
DA:90,0
DA:91,0
DA:94,0
DA:96,0
DA:97,0
DA:98,0
DA:109,0
DA:111,0
DA:112,0
DA:118,0
DA:120,0
DA:121,0
DA:122,0
DA:123,0
DA:125,0
DA:128,0
DA:129,0
DA:130,0
DA:131,0
DA:132,0
DA:134,0
DA:136,0
DA:148,0
DA:149,0
DA:155,0
DA:157,0
DA:158,0
DA:159,0
DA:161,0
DA:162,0
DA:164,0
DA:171,0
DA:173,0
DA:181,0
DA:182,0
DA:188,0
DA:190,0
DA:191,0
DA:192,0
DA:194,0
DA:196,0
DA:203,0
DA:204,0
DA:210,0
DA:212,0
DA:213,0
DA:216,0
DA:218,0
DA:219,0
DA:220,0
DA:231,0
DA:233,0
DA:234,0
DA:240,0
DA:263,0
DA:267,0
DA:269,0
DA:270,0
DA:273,0
DA:274,0
DA:277,0
DA:278,0
DA:281,0
DA:285,0
DA:286,0
DA:287,0
DA:288,0
DA:289,0
DA:293,0
DA:294,0
DA:295,0
DA:296,0
DA:297,0
DA:301,0
DA:302,0
DA:303,0
DA:304,0
DA:305,0
DA:309,0
DA:310,0
DA:311,0
DA:312,0
DA:313,0
DA:317,0
DA:318,0
DA:319,0
DA:320,0
DA:321,0
DA:325,0
DA:331,0
DA:335,0
DA:336,0
DA:340,0
DA:341,0
DA:345,0
DA:346,0
DA:350,0
DA:351,0
DA:352,0
DA:353,0
DA:357,0
DA:364,0
DA:368,0
DA:369,0
DA:371,0
DA:372,0
DA:374,0
DA:375,0
DA:376,0
DA:377,0
DA:378,0
DA:379,0
DA:382,0
DA:386,0
DA:387,0
DA:389,0
DA:390,0
DA:392,0
DA:396,0
DA:419,0
LF:134
LH:2
BRDA:66,0,0,0
BRDA:66,0,1,0
BRDA:66,0,2,0
BRDA:66,0,3,0
BRDA:66,0,4,0
BRDA:66,0,5,0
BRDA:96,1,0,0
BRDA:128,2,0,0
BRDA:128,2,1,0
BRDA:129,3,0,0
BRDA:129,3,1,0
BRDA:130,4,0,0
BRDA:130,4,1,0
BRDA:131,5,0,0
BRDA:131,5,1,0
BRDA:218,6,0,0
BRDA:263,7,0,0
BRDA:263,7,1,0
BRDA:269,8,0,0
BRDA:273,9,0,0
BRDA:277,10,0,0
BRDA:285,11,0,0
BRDA:286,12,0,0
BRDA:287,13,0,0
BRDA:288,14,0,0
BRDA:293,15,0,0
BRDA:294,16,0,0
BRDA:295,17,0,0
BRDA:296,18,0,0
BRDA:301,19,0,0
BRDA:302,20,0,0
BRDA:303,21,0,0
BRDA:304,22,0,0
BRDA:309,23,0,0
BRDA:310,24,0,0
BRDA:311,25,0,0
BRDA:312,26,0,0
BRDA:317,27,0,0
BRDA:318,28,0,0
BRDA:319,29,0,0
BRDA:320,30,0,0
BRDA:331,31,0,0
BRDA:331,31,1,0
BRDA:350,32,0,0
BRDA:351,33,0,0
BRDA:352,34,0,0
BRDA:364,35,0,0
BRDA:364,35,1,0
BRDA:374,36,0,0
BRDA:374,36,1,0
BRDA:377,37,0,0
BRDA:389,38,0,0
BRDA:389,38,1,0
BRDA:390,39,0,0
BRDA:390,39,1,0
BRDA:419,40,0,0
BRDA:419,40,1,0
BRF:57
BRH:0
end_of_record
TN:
SF:src\services\notification.service.ts
FN:40,(anonymous_1)
FN:72,(anonymous_2)
FN:101,(anonymous_3)
FN:146,(anonymous_4)
FN:194,(anonymous_5)
FN:262,(anonymous_6)
FN:282,(anonymous_7)
FN:299,(anonymous_8)
FN:322,(anonymous_9)
FN:337,(anonymous_10)
FN:361,(anonymous_11)
FN:388,(anonymous_12)
FN:408,(anonymous_13)
FNF:13
FNH:0
FNDA:0,(anonymous_1)
FNDA:0,(anonymous_2)
FNDA:0,(anonymous_3)
FNDA:0,(anonymous_4)
FNDA:0,(anonymous_5)
FNDA:0,(anonymous_6)
FNDA:0,(anonymous_7)
FNDA:0,(anonymous_8)
FNDA:0,(anonymous_9)
FNDA:0,(anonymous_10)
FNDA:0,(anonymous_11)
FNDA:0,(anonymous_12)
FNDA:0,(anonymous_13)
DA:1,1
DA:2,1
DA:3,1
DA:6,1
DA:7,1
DA:9,1
DA:10,0
DA:29,1
DA:40,1
DA:41,0
DA:43,0
DA:44,0
DA:45,0
DA:49,0
DA:50,0
DA:51,0
DA:52,0
DA:53,0
DA:54,0
DA:55,0
DA:58,0
DA:64,0
DA:65,0
DA:67,0
DA:68,0
DA:72,1
DA:73,0
DA:74,0
DA:75,0
DA:76,0
DA:77,0
DA:78,0
DA:80,0
DA:93,0
DA:94,0
DA:95,0
DA:97,0
DA:101,1
DA:102,0
DA:103,0
DA:104,0
DA:106,0
DA:107,0
DA:108,0
DA:112,0
DA:120,0
DA:130,0
DA:131,0
DA:132,0
DA:139,0
DA:140,0
DA:142,0
DA:146,1
DA:147,0
DA:148,0
DA:149,0
DA:150,0
DA:153,0
DA:154,0
DA:156,0
DA:157,0
DA:158,0
DA:161,0
DA:173,0
DA:182,0
DA:183,0
DA:184,0
DA:187,0
DA:188,0
DA:190,0
DA:194,1
DA:202,0
DA:203,0
DA:204,0
DA:205,0
DA:209,0
DA:212,0
DA:213,0
DA:217,0
DA:218,0
DA:221,0
DA:233,0
DA:235,0
DA:236,0
DA:238,0
DA:239,0
DA:241,0
DA:242,0
DA:244,0
DA:245,0
DA:247,0
DA:250,0
DA:251,0
DA:252,0
DA:254,0
DA:256,0
DA:257,0
DA:262,1
DA:263,0
DA:264,0
DA:266,0
DA:267,0
DA:270,0
DA:271,0
DA:273,0
DA:275,0
DA:276,0
DA:279,0
DA:280,0
DA:282,0
DA:286,0
DA:295,0
DA:299,1
DA:307,0
DA:309,0
DA:310,0
DA:311,0
DA:318,0
DA:322,1
DA:323,0
DA:324,0
DA:325,0
DA:326,0
DA:329,0
DA:331,0
DA:332,0
DA:337,1
DA:341,0
DA:342,0
DA:343,0
DA:344,0
DA:347,0
DA:352,0
DA:353,0
DA:355,0
DA:356,0
DA:361,1
DA:368,0
DA:374,0
DA:375,0
DA:376,0
DA:385,0
DA:388,1
DA:394,0
DA:395,0
DA:396,0
DA:404,0
DA:408,1
DA:413,0
DA:419,0
DA:420,0
DA:421,0
DA:428,0
LF:153
LH:19
BRDA:9,0,0,0
BRDA:9,1,0,1
BRDA:9,1,1,0
BRDA:43,2,0,0
BRDA:43,3,0,0
BRDA:43,3,1,0
BRDA:43,3,2,0
BRDA:50,4,0,0
BRDA:50,4,1,0
BRDA:52,5,0,0
BRDA:52,5,1,0
BRDA:54,6,0,0
BRDA:75,7,0,0
BRDA:75,7,1,0
BRDA:76,8,0,0
BRDA:93,9,0,0
BRDA:106,10,0,0
BRDA:106,11,0,0
BRDA:106,11,1,0
BRDA:115,12,0,0
BRDA:115,12,1,0
BRDA:130,13,0,0
BRDA:134,14,0,0
BRDA:134,14,1,0
BRDA:149,15,0,0
BRDA:149,16,0,0
BRDA:149,16,1,0
BRDA:156,17,0,0
BRDA:169,18,0,0
BRDA:169,18,1,0
BRDA:182,19,0,0
BRDA:204,20,0,0
BRDA:209,21,0,0
BRDA:209,21,1,0
BRDA:212,22,0,0
BRDA:217,23,0,0
BRDA:217,24,0,0
BRDA:217,24,1,0
BRDA:225,25,0,0
BRDA:225,25,1,0
BRDA:226,26,0,0
BRDA:226,26,1,0
BRDA:228,27,0,0
BRDA:228,27,1,0
BRDA:233,28,0,0
BRDA:233,28,1,0
BRDA:233,28,2,0
BRDA:233,28,3,0
BRDA:233,28,4,0
BRDA:238,29,0,0
BRDA:238,29,1,0
BRDA:244,30,0,0
BRDA:244,30,1,0
BRDA:250,31,0,0
BRDA:250,31,1,0
BRDA:275,32,0,0
BRDA:280,33,0,0
BRDA:289,34,0,0
BRDA:289,34,1,0
BRDA:290,35,0,0
BRDA:290,35,1,0
BRDA:325,36,0,0
BRDA:329,37,0,0
BRDA:329,37,1,0
BRDA:343,38,0,0
BRDA:348,39,0,0
BRDA:348,39,1,0
BRDA:365,40,0,0
BRF:68
BRH:1
end_of_record
TN:
SF:src\services\offlineSync.service.ts
FN:40,(anonymous_0)
FN:76,(anonymous_1)
FN:152,(anonymous_2)
FN:178,(anonymous_3)
FN:219,(anonymous_4)
FN:261,(anonymous_5)
FN:303,(anonymous_6)
FN:343,(anonymous_7)
FN:364,(anonymous_8)
FN:389,(anonymous_9)
FN:395,(anonymous_10)
FN:401,(anonymous_11)
FN:405,(anonymous_12)
FN:409,(anonymous_13)
FN:413,(anonymous_14)
FN:417,(anonymous_15)
FNF:16
FNH:0
FNDA:0,(anonymous_0)
FNDA:0,(anonymous_1)
FNDA:0,(anonymous_2)
FNDA:0,(anonymous_3)
FNDA:0,(anonymous_4)
FNDA:0,(anonymous_5)
FNDA:0,(anonymous_6)
FNDA:0,(anonymous_7)
FNDA:0,(anonymous_8)
FNDA:0,(anonymous_9)
FNDA:0,(anonymous_10)
FNDA:0,(anonymous_11)
FNDA:0,(anonymous_12)
FNDA:0,(anonymous_13)
FNDA:0,(anonymous_14)
FNDA:0,(anonymous_15)
DA:2,1
DA:3,1
DA:4,1
DA:5,1
DA:6,1
DA:7,1
DA:29,1
DA:30,1
DA:31,1
DA:45,0
DA:47,0
DA:60,0
DA:62,0
DA:63,0
DA:65,0
DA:66,0
DA:77,0
DA:78,0
DA:80,0
DA:81,0
DA:90,0
DA:91,0
DA:92,0
DA:95,0
DA:96,0
DA:98,0
DA:99,0
DA:101,0
DA:104,0
DA:106,0
DA:107,0
DA:108,0
DA:110,0
DA:111,0
DA:112,0
DA:115,0
DA:116,0
DA:117,0
DA:122,0
DA:132,0
DA:133,0
DA:136,0
DA:137,0
DA:153,0
DA:154,0
DA:156,0
DA:158,0
DA:160,0
DA:162,0
DA:164,0
DA:165,0
DA:168,0
DA:169,0
DA:179,0
DA:180,0
DA:183,0
DA:184,0
DA:188,0
DA:193,0
DA:195,0
DA:198,0
DA:204,0
DA:207,0
DA:209,0
DA:210,0
DA:220,0
DA:221,0
DA:224,0
DA:225,0
DA:229,0
DA:235,0
DA:237,0
DA:240,0
DA:246,0
DA:249,0
DA:251,0
DA:252,0
DA:262,0
DA:263,0
DA:266,0
DA:267,0
DA:271,0
DA:277,0
DA:279,0
DA:282,0
DA:288,0
DA:291,0
DA:293,0
DA:294,0
DA:304,0
DA:305,0
DA:308,0
DA:309,0
DA:313,0
DA:318,0
DA:320,0
DA:323,0
DA:329,0
DA:332,0
DA:334,0
DA:335,0
DA:344,0
DA:345,0
DA:347,0
DA:348,0
DA:351,0
DA:352,0
DA:355,0
DA:370,0
DA:371,0
DA:372,0
DA:373,0
DA:374,0
DA:376,0
DA:383,0
DA:384,0
DA:392,0
DA:398,0
DA:402,0
DA:406,0
DA:410,0
DA:414,0
DA:418,0
LF:123
LH:9
BRDA:76,0,0,0
BRDA:80,1,0,0
BRDA:106,2,0,0
BRDA:106,2,1,0
BRDA:127,3,0,0
BRDA:127,3,1,0
BRDA:154,4,0,0
BRDA:154,4,1,0
BRDA:154,4,2,0
BRDA:154,4,3,0
BRDA:154,4,4,0
BRDA:183,5,0,0
BRDA:183,6,0,0
BRDA:183,6,1,0
BRDA:183,6,2,0
BRDA:193,7,0,0
BRDA:193,7,1,0
BRDA:224,8,0,0
BRDA:224,9,0,0
BRDA:224,9,1,0
BRDA:224,9,2,0
BRDA:235,10,0,0
BRDA:235,10,1,0
BRDA:266,11,0,0
BRDA:266,12,0,0
BRDA:266,12,1,0
BRDA:266,12,2,0
BRDA:277,13,0,0
BRDA:277,13,1,0
BRDA:308,14,0,0
BRDA:308,15,0,0
BRDA:308,15,1,0
BRDA:318,16,0,0
BRDA:318,16,1,0
BRDA:345,17,0,0
BRDA:345,17,1,0
BRF:36
BRH:0
end_of_record
TN:
SF:src\services\predictiveAnalytics.service.ts
FN:41,(anonymous_0)
FN:122,(anonymous_1)
FN:140,(anonymous_2)
FN:141,(anonymous_3)
FN:145,(anonymous_4)
FN:146,(anonymous_5)
FN:175,(anonymous_6)
FN:224,(anonymous_7)
FN:257,(anonymous_8)
FN:315,(anonymous_9)
FN:350,(anonymous_10)
FN:389,(anonymous_11)
FN:400,(anonymous_12)
FN:414,(anonymous_13)
FN:425,(anonymous_14)
FN:433,(anonymous_15)
FN:470,(anonymous_16)
FNF:17
FNH:0
FNDA:0,(anonymous_0)
FNDA:0,(anonymous_1)
FNDA:0,(anonymous_2)
FNDA:0,(anonymous_3)
FNDA:0,(anonymous_4)
FNDA:0,(anonymous_5)
FNDA:0,(anonymous_6)
FNDA:0,(anonymous_7)
FNDA:0,(anonymous_8)
FNDA:0,(anonymous_9)
FNDA:0,(anonymous_10)
FNDA:0,(anonymous_11)
FNDA:0,(anonymous_12)
FNDA:0,(anonymous_13)
FNDA:0,(anonymous_14)
FNDA:0,(anonymous_15)
FNDA:0,(anonymous_16)
DA:1,1
DA:3,1
DA:39,1
DA:42,0
DA:44,0
DA:50,0
DA:52,0
DA:53,0
DA:54,0
DA:55,0
DA:57,0
DA:58,0
DA:59,0
DA:60,0
DA:62,0
DA:63,0
DA:64,0
DA:67,0
DA:68,0
DA:69,0
DA:71,0
DA:72,0
DA:73,0
DA:74,0
DA:76,0
DA:77,0
DA:78,0
DA:83,0
DA:84,0
DA:85,0
DA:86,0
DA:88,0
DA:89,0
DA:91,0
DA:92,0
DA:93,0
DA:94,0
DA:95,0
DA:100,0
DA:101,0
DA:102,0
DA:103,0
DA:106,0
DA:116,0
DA:117,0
DA:123,0
DA:125,0
DA:129,0
DA:130,0
DA:131,0
DA:132,0
DA:133,0
DA:134,0
DA:135,0
DA:136,0
DA:138,0
DA:140,0
DA:141,0
DA:144,0
DA:145,0
DA:146,0
DA:148,0
DA:149,0
DA:152,0
DA:153,0
DA:154,0
DA:155,0
DA:156,0
DA:157,0
DA:158,0
DA:159,0
DA:160,0
DA:161,0
DA:162,0
DA:163,0
DA:164,0
DA:165,0
DA:166,0
DA:167,0
DA:169,0
DA:170,0
DA:171,0
DA:175,0
DA:176,0
DA:178,0
DA:179,0
DA:181,0
DA:182,0
DA:183,0
DA:184,0
DA:185,0
DA:186,0
DA:188,0
DA:189,0
DA:192,0
DA:196,0
DA:197,0
DA:198,0
DA:202,0
DA:203,0
DA:205,0
DA:206,0
DA:207,0
DA:208,0
DA:209,0
DA:210,0
DA:214,0
DA:215,0
DA:216,0
DA:217,0
DA:218,0
DA:224,0
DA:225,0
DA:226,0
DA:227,0
DA:228,0
DA:229,0
DA:231,0
DA:232,0
DA:233,0
DA:234,0
DA:235,0
DA:239,0
DA:251,0
DA:252,0
DA:258,0
DA:259,0
DA:260,0
DA:263,0
DA:264,0
DA:265,0
DA:266,0
DA:267,0
DA:271,0
DA:272,0
DA:274,0
DA:275,0
DA:276,0
DA:277,0
DA:278,0
DA:279,0
DA:280,0
DA:281,0
DA:282,0
DA:283,0
DA:284,0
DA:285,0
DA:286,0
DA:287,0
DA:288,0
DA:292,0
DA:293,0
DA:295,0
DA:296,0
DA:297,0
DA:298,0
DA:301,0
DA:302,0
DA:303,0
DA:304,0
DA:308,0
DA:315,0
DA:317,0
DA:320,0
DA:323,0
DA:324,0
DA:325,0
DA:326,0
DA:327,0
DA:328,0
DA:329,0
DA:332,0
DA:344,0
DA:345,0
DA:355,0
DA:356,0
DA:358,0
DA:365,0
DA:368,0
DA:381,0
DA:383,0
DA:384,0
DA:390,0
DA:391,0
DA:392,0
DA:393,0
DA:394,0
DA:395,0
DA:397,0
DA:401,0
DA:402,0
DA:403,0
DA:405,0
DA:407,0
DA:408,0
DA:410,0
DA:415,0
DA:416,0
DA:417,0
DA:419,0
DA:421,0
DA:426,0
DA:430,0
DA:439,0
DA:446,0
DA:447,0
DA:448,0
DA:449,0
DA:450,0
DA:451,0
DA:452,0
DA:453,0
DA:454,0
DA:455,0
DA:458,0
DA:459,0
DA:460,0
DA:461,0
DA:462,0
DA:463,0
DA:467,0
DA:476,0
DA:479,0
DA:480,0
DA:481,0
DA:482,0
DA:486,0
DA:487,0
DA:488,0
DA:489,0
DA:493,0
DA:494,0
DA:495,0
DA:499,0
DA:500,0
DA:503,0
LF:236
LH:3
BRDA:44,0,0,0
BRDA:44,0,1,0
BRDA:44,1,0,0
BRDA:44,1,1,0
BRDA:52,2,0,0
BRDA:52,2,1,0
BRDA:54,3,0,0
BRDA:54,3,1,0
BRDA:54,4,0,0
BRDA:54,4,1,0
BRDA:57,5,0,0
BRDA:57,5,1,0
BRDA:57,6,0,0
BRDA:57,6,1,0
BRDA:68,7,0,0
BRDA:68,7,1,0
BRDA:68,8,0,0
BRDA:68,8,1,0
BRDA:71,9,0,0
BRDA:71,9,1,0
BRDA:71,10,0,0
BRDA:71,10,1,0
BRDA:83,11,0,0
BRDA:83,11,1,0
BRDA:84,12,0,0
BRDA:84,12,1,0
BRDA:91,13,0,0
BRDA:92,14,0,0
BRDA:100,15,0,0
BRDA:100,15,1,0
BRDA:102,16,0,0
BRDA:138,17,0,0
BRDA:138,17,1,0
BRDA:144,18,0,0
BRDA:152,19,0,0
BRDA:152,19,1,0
BRDA:156,20,0,0
BRDA:156,20,1,0
BRDA:160,21,0,0
BRDA:160,21,1,0
BRDA:164,22,0,0
BRDA:164,22,1,0
BRDA:181,23,0,0
BRDA:181,23,1,0
BRDA:184,24,0,0
BRDA:184,24,1,0
BRDA:203,25,0,0
BRDA:203,25,1,0
BRDA:203,26,0,0
BRDA:203,26,1,0
BRDA:205,27,0,0
BRDA:205,27,1,0
BRDA:206,28,0,0
BRDA:208,29,0,0
BRDA:214,30,0,0
BRDA:216,31,0,0
BRDA:225,32,0,0
BRDA:225,32,1,0
BRDA:227,33,0,0
BRDA:231,34,0,0
BRDA:233,35,0,0
BRDA:264,36,0,0
BRDA:274,37,0,0
BRDA:274,37,1,0
BRDA:279,38,0,0
BRDA:279,38,1,0
BRDA:284,39,0,0
BRDA:295,40,0,0
BRDA:301,41,0,0
BRDA:309,42,0,0
BRDA:309,42,1,0
BRDA:309,43,0,0
BRDA:309,43,1,0
BRDA:310,44,0,0
BRDA:310,44,1,0
BRDA:310,45,0,0
BRDA:310,45,1,0
BRDA:311,46,0,0
BRDA:311,46,1,0
BRDA:311,47,0,0
BRDA:311,47,1,0
BRDA:312,48,0,0
BRDA:312,48,1,0
BRDA:312,49,0,0
BRDA:312,49,1,0
BRDA:317,50,0,0
BRDA:317,50,1,0
BRDA:317,51,0,0
BRDA:317,51,1,0
BRDA:320,52,0,0
BRDA:320,52,1,0
BRDA:323,53,0,0
BRDA:323,53,1,0
BRDA:327,54,0,0
BRDA:356,55,0,0
BRDA:356,55,1,0
BRDA:356,56,0,0
BRDA:356,56,1,0
BRDA:390,57,0,0
BRDA:390,57,1,0
BRDA:390,58,0,0
BRDA:390,58,1,0
BRDA:392,59,0,0
BRDA:392,59,1,0
BRDA:392,60,0,0
BRDA:392,60,1,0
BRDA:394,61,0,0
BRDA:401,62,0,0
BRDA:401,62,1,0
BRDA:402,63,0,0
BRDA:407,64,0,0
BRDA:415,65,0,0
BRDA:415,65,1,0
BRDA:416,66,0,0
BRDA:430,67,0,0
BRDA:430,67,1,0
BRDA:446,68,0,0
BRDA:446,68,1,0
BRDA:447,69,0,0
BRDA:447,69,1,0
BRDA:447,70,0,0
BRDA:447,70,1,0
BRDA:450,71,0,0
BRDA:450,71,1,0
BRDA:450,72,0,0
BRDA:450,72,1,0
BRDA:453,73,0,0
BRDA:453,74,0,0
BRDA:453,74,1,0
BRDA:458,75,0,0
BRDA:458,75,1,0
BRDA:458,76,0,0
BRDA:458,76,1,0
BRDA:461,77,0,0
BRDA:461,78,0,0
BRDA:461,78,1,0
BRDA:479,79,0,0
BRDA:479,79,1,0
BRDA:481,80,0,0
BRDA:486,81,0,0
BRDA:486,81,1,0
BRDA:488,82,0,0
BRDA:493,83,0,0
BRDA:499,84,0,0
BRF:144
BRH:0
end_of_record
TN:
SF:src\services\translation.service.ts
FN:510,(anonymous_0)
FN:520,(anonymous_1)
FN:522,(anonymous_2)
FN:532,(anonymous_3)
FN:541,(anonymous_4)
FN:549,(anonymous_5)
FNF:6
FNH:0
FNDA:0,(anonymous_0)
FNDA:0,(anonymous_1)
FNDA:0,(anonymous_2)
FNDA:0,(anonymous_3)
FNDA:0,(anonymous_4)
FNDA:0,(anonymous_5)
DA:101,1
DA:102,1
DA:511,0
DA:512,0
DA:521,0
DA:522,0
DA:523,0
DA:525,0
DA:533,0
DA:542,0
DA:550,0
LF:11
LH:2
BRDA:510,0,0,0
BRDA:511,1,0,0
BRDA:511,1,1,0
BRDA:512,2,0,0
BRDA:512,2,1,0
BRDA:512,2,2,0
BRF:6
BRH:0
end_of_record
TN:
SF:src\utils\cloudinary.util.ts
FNF:0
FNH:0
DA:1,1
DA:3,1
DA:9,1
LF:3
LH:3
BRF:0
BRH:0
end_of_record
TN:
SF:src\utils\email.util.ts
FN:10,isEmailConfigured
FN:14,sendEmail
FNF:2
FNH:0
FNDA:0,isEmailConfigured
FNDA:0,sendEmail
DA:1,1
DA:11,0
DA:14,1
DA:15,0
DA:18,0
DA:19,0
DA:22,0
DA:32,0
DA:34,0
DA:35,0
LF:10
LH:2
BRDA:11,0,0,0
BRDA:11,0,1,0
BRDA:11,0,2,0
BRDA:11,0,3,0
BRDA:15,1,0,0
BRDA:24,2,0,0
BRDA:24,2,1,0
BRDA:32,3,0,0
BRDA:32,3,1,0
BRDA:32,4,0,0
BRDA:32,4,1,0
BRF:11
BRH:0
end_of_record
TN:
SF:src\utils\paystack.util.ts
FN:5,(anonymous_1)
FN:21,(anonymous_2)
FNF:2
FNH:0
FNDA:0,(anonymous_1)
FNDA:0,(anonymous_2)
DA:1,1
DA:3,1
DA:5,1
DA:6,0
DA:7,0
DA:15,0
DA:17,0
DA:21,1
DA:22,0
DA:23,0
DA:24,0
DA:26,0
LF:12
LH:4
BRDA:9,0,0,0
BRDA:9,0,1,0
BRF:2
BRH:0
end_of_record
TN:
SF:src\utils\qr.util.ts
FN:3,generateQRCode
FNF:1
FNH:0
FNDA:0,generateQRCode
DA:1,1
DA:3,1
DA:4,0
LF:3
LH:2
BRF:0
BRH:0
end_of_record
